2023-03-06 20:13:14 [-][-][-][error][yii\db\Exception] PDOException: SQLSTATE[HY000] [1045] Access denied for user 'root'@'localhost' (using password: NO) in C:\wamp64\www\iberica\vendor\yiisoft\yii2\db\Connection.php:722
Stack trace:
#0 C:\wamp64\www\iberica\vendor\yiisoft\yii2\db\Connection.php(722): PDO->__construct('mysql:host=loca...', 'root', '', NULL)
#1 C:\wamp64\www\iberica\vendor\yiisoft\yii2\db\Connection.php(637): yii\db\Connection->createPdoInstance()
#2 C:\wamp64\www\iberica\vendor\yiisoft\yii2\db\Connection.php(1067): yii\db\Connection->open()
#3 C:\wamp64\www\iberica\vendor\yiisoft\yii2\db\Connection.php(1054): yii\db\Connection->getMasterPdo()
#4 C:\wamp64\www\iberica\vendor\yiisoft\yii2\db\Command.php(261): yii\db\Connection->getSlavePdo()
#5 C:\wamp64\www\iberica\vendor\yiisoft\yii2\db\Command.php(1163): yii\db\Command->prepare(true)
#6 C:\wamp64\www\iberica\vendor\yiisoft\yii2\db\Command.php(410): yii\db\Command->queryInternal('fetchAll', NULL)
#7 C:\wamp64\www\iberica\vendor\yiisoft\yii2\db\mysql\Schema.php(320): yii\db\Command->queryAll()
#8 C:\wamp64\www\iberica\vendor\yiisoft\yii2\db\mysql\Schema.php(125): yii\db\mysql\Schema->findColumns(Object(yii\db\TableSchema))
#9 C:\wamp64\www\iberica\vendor\yiisoft\yii2\db\Schema.php(756): yii\db\mysql\Schema->loadTableSchema('migration')
#10 C:\wamp64\www\iberica\vendor\yiisoft\yii2\db\Schema.php(192): yii\db\Schema->getTableMetadata('{{%migration}}', 'schema', true)
#11 C:\wamp64\www\iberica\vendor\yiisoft\yii2\console\controllers\MigrateController.php(369): yii\db\Schema->getTableSchema('{{%migration}}', true)
#12 C:\wamp64\www\iberica\vendor\yiisoft\yii2\console\controllers\BaseMigrateController.php(657): yii\console\controllers\MigrateController->getMigrationNameLimit()
#13 [internal function]: yii\console\controllers\BaseMigrateController->actionCreate('insert_localida...')
#14 C:\wamp64\www\iberica\vendor\yiisoft\yii2\base\InlineAction.php(57): call_user_func_array(Array, Array)
#15 C:\wamp64\www\iberica\vendor\yiisoft\yii2\base\Controller.php(178): yii\base\InlineAction->runWithParams(Array)
#16 C:\wamp64\www\iberica\vendor\yiisoft\yii2\console\Controller.php(180): yii\base\Controller->runAction('create', Array)
#17 C:\wamp64\www\iberica\vendor\yiisoft\yii2\base\Module.php(552): yii\console\Controller->runAction('create', Array)
#18 C:\wamp64\www\iberica\vendor\yiisoft\yii2\console\Application.php(180): yii\base\Module->runAction('migrate/create', Array)
#19 C:\wamp64\www\iberica\vendor\yiisoft\yii2\console\Application.php(147): yii\console\Application->runAction('migrate/create', Array)
#20 C:\wamp64\www\iberica\vendor\yiisoft\yii2\base\Application.php(384): yii\console\Application->handleRequest(Object(yii\console\Request))
#21 C:\wamp64\www\iberica\yii(23): yii\base\Application->run()
#22 {main}

Next yii\db\Exception: SQLSTATE[HY000] [1045] Access denied for user 'root'@'localhost' (using password: NO) in C:\wamp64\www\iberica\vendor\yiisoft\yii2\db\Connection.php:648
Stack trace:
#0 C:\wamp64\www\iberica\vendor\yiisoft\yii2\db\Connection.php(1067): yii\db\Connection->open()
#1 C:\wamp64\www\iberica\vendor\yiisoft\yii2\db\Connection.php(1054): yii\db\Connection->getMasterPdo()
#2 C:\wamp64\www\iberica\vendor\yiisoft\yii2\db\Command.php(261): yii\db\Connection->getSlavePdo()
#3 C:\wamp64\www\iberica\vendor\yiisoft\yii2\db\Command.php(1163): yii\db\Command->prepare(true)
#4 C:\wamp64\www\iberica\vendor\yiisoft\yii2\db\Command.php(410): yii\db\Command->queryInternal('fetchAll', NULL)
#5 C:\wamp64\www\iberica\vendor\yiisoft\yii2\db\mysql\Schema.php(320): yii\db\Command->queryAll()
#6 C:\wamp64\www\iberica\vendor\yiisoft\yii2\db\mysql\Schema.php(125): yii\db\mysql\Schema->findColumns(Object(yii\db\TableSchema))
#7 C:\wamp64\www\iberica\vendor\yiisoft\yii2\db\Schema.php(756): yii\db\mysql\Schema->loadTableSchema('migration')
#8 C:\wamp64\www\iberica\vendor\yiisoft\yii2\db\Schema.php(192): yii\db\Schema->getTableMetadata('{{%migration}}', 'schema', true)
#9 C:\wamp64\www\iberica\vendor\yiisoft\yii2\console\controllers\MigrateController.php(369): yii\db\Schema->getTableSchema('{{%migration}}', true)
#10 C:\wamp64\www\iberica\vendor\yiisoft\yii2\console\controllers\BaseMigrateController.php(657): yii\console\controllers\MigrateController->getMigrationNameLimit()
#11 [internal function]: yii\console\controllers\BaseMigrateController->actionCreate('insert_localida...')
#12 C:\wamp64\www\iberica\vendor\yiisoft\yii2\base\InlineAction.php(57): call_user_func_array(Array, Array)
#13 C:\wamp64\www\iberica\vendor\yiisoft\yii2\base\Controller.php(178): yii\base\InlineAction->runWithParams(Array)
#14 C:\wamp64\www\iberica\vendor\yiisoft\yii2\console\Controller.php(180): yii\base\Controller->runAction('create', Array)
#15 C:\wamp64\www\iberica\vendor\yiisoft\yii2\base\Module.php(552): yii\console\Controller->runAction('create', Array)
#16 C:\wamp64\www\iberica\vendor\yiisoft\yii2\console\Application.php(180): yii\base\Module->runAction('migrate/create', Array)
#17 C:\wamp64\www\iberica\vendor\yiisoft\yii2\console\Application.php(147): yii\console\Application->runAction('migrate/create', Array)
#18 C:\wamp64\www\iberica\vendor\yiisoft\yii2\base\Application.php(384): yii\console\Application->handleRequest(Object(yii\console\Request))
#19 C:\wamp64\www\iberica\yii(23): yii\base\Application->run()
#20 {main}
Additional Information:

2023-03-06 20:13:12 [-][-][-][info][application] $_GET = []

$_POST = []

$_FILES = []

$_COOKIE = []

$_SERVER = [
    'ALLUSERSPROFILE' => 'C:\\ProgramData'
    'APPDATA' => 'C:\\Users\\Jiuly\\AppData\\Roaming'
    'CommonProgramFiles' => 'C:\\Program Files\\Common Files'
    'CommonProgramFiles(x86)' => 'C:\\Program Files (x86)\\Common Files'
    'CommonProgramW6432' => 'C:\\Program Files\\Common Files'
    'COMPUTERNAME' => 'PANDORA'
    'ComSpec' => 'C:\\WINDOWS\\system32\\cmd.exe'
    'DriverData' => 'C:\\Windows\\System32\\Drivers\\DriverData'
    'HOMEDRIVE' => 'C:'
    'HOMEPATH' => '\\Users\\Jiuly'
    'LOCALAPPDATA' => 'C:\\Users\\Jiuly\\AppData\\Local'
    'LOGONSERVER' => '\\\\PANDORA'
    'NUMBER_OF_PROCESSORS' => '4'
    'OneDrive' => 'C:\\Users\\Jiuly\\OneDrive'
    'OneDriveConsumer' => 'C:\\Users\\Jiuly\\OneDrive'
    'OPENSSL_CONF' => 'C:\\Program Files (x86)\\PostgreSQL\\psqlODBC\\etc\\openssl.cnf'
    'OS' => 'Windows_NT'
    'Path' => 'C:\\WINDOWS\\system32;C:\\WINDOWS;C:\\WINDOWS\\System32\\Wbem;C:\\WINDOWS\\System32\\WindowsPowerShell\\v1.0\\;C:\\WINDOWS\\System32\\OpenSSH\\;C:\\Program Files\\Azure Data Studio\\bin;C:\\wamp64\\bin\\php\\php7.4.9\\php;C:\\wamp64\\bin\\php\\php7.4.9;C:\\ProgramData\\ComposerSetup\\bin;C:\\Program Files\\Git\\cmd;C:\\Program Files\\PuTTY\\;C:\\Program Files\\Microsoft SQL Server\\Client SDK\\ODBC\\130\\Tools\\Binn\\;C:\\Program Files\\Microsoft SQL Server\\Client SDK\\ODBC\\170\\Tools\\Binn\\;C:\\Program Files (x86)\\Microsoft SQL Server\\150\\Tools\\Binn\\;C:\\Program Files\\Microsoft SQL Server\\150\\Tools\\Binn\\;C:\\Program Files\\Microsoft SQL Server\\150\\DTS\\Binn\\;C:\\Program Files (x86)\\Microsoft SQL Server\\160\\DTS\\Binn\\;C:\\Program Files\\Microsoft SQL Server Migration Assistant for MySQL\\bin\\;C:\\Program Files\\Java\\jdk-11.0.2\\bin;C:\\Users\\Jiuly\\AppData\\Local\\Microsoft\\WindowsApps;C:\\Program Files\\Azure Data Studio\\bin;C:\\Users\\Jiuly\\AppData\\Local\\Programs\\Microsoft VS Code\\bin;C:\\wamp64\\bin\\php\\php7.4.9\\php;C:\\Users\\Jiuly\\AppData\\Roaming\\Composer\\vendor\\bin;C:\\AppServ\\Apache2.2\\bin;C:\\AppServ\\php5;C:\\AppServ\\MySQL\\bin'
    'PATHEXT' => '.COM;.EXE;.BAT;.CMD;.VBS;.VBE;.JS;.JSE;.WSF;.WSH;.MSC'
    'PROCESSOR_ARCHITECTURE' => 'AMD64'
    'PROCESSOR_IDENTIFIER' => 'Intel64 Family 6 Model 142 Stepping 9, GenuineIntel'
    'PROCESSOR_LEVEL' => '6'
    'PROCESSOR_REVISION' => '8e09'
    'ProgramData' => 'C:\\ProgramData'
    'ProgramFiles' => 'C:\\Program Files'
    'ProgramFiles(x86)' => 'C:\\Program Files (x86)'
    'ProgramW6432' => 'C:\\Program Files'
    'PROMPT' => '$P$G'
    'PSModulePath' => 'C:\\Program Files\\WindowsPowerShell\\Modules;C:\\WINDOWS\\system32\\WindowsPowerShell\\v1.0\\Modules;C:\\Program Files (x86)\\Microsoft SQL Server\\150\\Tools\\PowerShell\\Modules\\'
    'PUBLIC' => 'C:\\Users\\Public'
    'SESSIONNAME' => 'Console'
    'SSMA_M2SS_EP_HOME' => 'C:\\Program Files\\Microsoft SQL Server Migration Assistant for MySQL Extension Pack\\'
    'SystemDrive' => 'C:'
    'SystemRoot' => 'C:\\WINDOWS'
    'TEMP' => 'C:\\Users\\Jiuly\\AppData\\Local\\Temp'
    'TMP' => 'C:\\Users\\Jiuly\\AppData\\Local\\Temp'
    'USERDOMAIN' => 'PANDORA'
    'USERDOMAIN_ROAMINGPROFILE' => 'PANDORA'
    'USERNAME' => 'Jiuly'
    'USERPROFILE' => 'C:\\Users\\Jiuly'
    'windir' => 'C:\\WINDOWS'
    'ZES_ENABLE_SYSMAN' => '1'
    'PHP_SELF' => 'yii'
    'SCRIPT_NAME' => 'yii'
    'SCRIPT_FILENAME' => 'yii'
    'PATH_TRANSLATED' => 'yii'
    'DOCUMENT_ROOT' => ''
    'REQUEST_TIME_FLOAT' => 1678133592.589
    'REQUEST_TIME' => 1678133592
    'argv' => [
        0 => 'yii'
        1 => 'migrate/create'
        2 => 'insert_localidad'
    ]
    'argc' => 3
]
2023-03-06 20:13:24 [-][-][-][error][yii\db\Exception] PDOException: SQLSTATE[HY000] [1045] Access denied for user 'root'@'localhost' (using password: NO) in C:\wamp64\www\iberica\vendor\yiisoft\yii2\db\Connection.php:722
Stack trace:
#0 C:\wamp64\www\iberica\vendor\yiisoft\yii2\db\Connection.php(722): PDO->__construct('mysql:host=loca...', 'root', '', NULL)
#1 C:\wamp64\www\iberica\vendor\yiisoft\yii2\db\Connection.php(637): yii\db\Connection->createPdoInstance()
#2 C:\wamp64\www\iberica\vendor\yiisoft\yii2\db\Connection.php(1067): yii\db\Connection->open()
#3 C:\wamp64\www\iberica\vendor\yiisoft\yii2\db\Connection.php(1054): yii\db\Connection->getMasterPdo()
#4 C:\wamp64\www\iberica\vendor\yiisoft\yii2\db\Command.php(261): yii\db\Connection->getSlavePdo()
#5 C:\wamp64\www\iberica\vendor\yiisoft\yii2\db\Command.php(1163): yii\db\Command->prepare(true)
#6 C:\wamp64\www\iberica\vendor\yiisoft\yii2\db\Command.php(410): yii\db\Command->queryInternal('fetchAll', NULL)
#7 C:\wamp64\www\iberica\vendor\yiisoft\yii2\db\mysql\Schema.php(320): yii\db\Command->queryAll()
#8 C:\wamp64\www\iberica\vendor\yiisoft\yii2\db\mysql\Schema.php(125): yii\db\mysql\Schema->findColumns(Object(yii\db\TableSchema))
#9 C:\wamp64\www\iberica\vendor\yiisoft\yii2\db\Schema.php(756): yii\db\mysql\Schema->loadTableSchema('migration')
#10 C:\wamp64\www\iberica\vendor\yiisoft\yii2\db\Schema.php(192): yii\db\Schema->getTableMetadata('{{%migration}}', 'schema', true)
#11 C:\wamp64\www\iberica\vendor\yiisoft\yii2\console\controllers\MigrateController.php(369): yii\db\Schema->getTableSchema('{{%migration}}', true)
#12 C:\wamp64\www\iberica\vendor\yiisoft\yii2\console\controllers\BaseMigrateController.php(657): yii\console\controllers\MigrateController->getMigrationNameLimit()
#13 [internal function]: yii\console\controllers\BaseMigrateController->actionCreate('insert_localida...')
#14 C:\wamp64\www\iberica\vendor\yiisoft\yii2\base\InlineAction.php(57): call_user_func_array(Array, Array)
#15 C:\wamp64\www\iberica\vendor\yiisoft\yii2\base\Controller.php(178): yii\base\InlineAction->runWithParams(Array)
#16 C:\wamp64\www\iberica\vendor\yiisoft\yii2\console\Controller.php(180): yii\base\Controller->runAction('create', Array)
#17 C:\wamp64\www\iberica\vendor\yiisoft\yii2\base\Module.php(552): yii\console\Controller->runAction('create', Array)
#18 C:\wamp64\www\iberica\vendor\yiisoft\yii2\console\Application.php(180): yii\base\Module->runAction('migrate/create', Array)
#19 C:\wamp64\www\iberica\vendor\yiisoft\yii2\console\Application.php(147): yii\console\Application->runAction('migrate/create', Array)
#20 C:\wamp64\www\iberica\vendor\yiisoft\yii2\base\Application.php(384): yii\console\Application->handleRequest(Object(yii\console\Request))
#21 C:\wamp64\www\iberica\yii(23): yii\base\Application->run()
#22 {main}

Next yii\db\Exception: SQLSTATE[HY000] [1045] Access denied for user 'root'@'localhost' (using password: NO) in C:\wamp64\www\iberica\vendor\yiisoft\yii2\db\Connection.php:648
Stack trace:
#0 C:\wamp64\www\iberica\vendor\yiisoft\yii2\db\Connection.php(1067): yii\db\Connection->open()
#1 C:\wamp64\www\iberica\vendor\yiisoft\yii2\db\Connection.php(1054): yii\db\Connection->getMasterPdo()
#2 C:\wamp64\www\iberica\vendor\yiisoft\yii2\db\Command.php(261): yii\db\Connection->getSlavePdo()
#3 C:\wamp64\www\iberica\vendor\yiisoft\yii2\db\Command.php(1163): yii\db\Command->prepare(true)
#4 C:\wamp64\www\iberica\vendor\yiisoft\yii2\db\Command.php(410): yii\db\Command->queryInternal('fetchAll', NULL)
#5 C:\wamp64\www\iberica\vendor\yiisoft\yii2\db\mysql\Schema.php(320): yii\db\Command->queryAll()
#6 C:\wamp64\www\iberica\vendor\yiisoft\yii2\db\mysql\Schema.php(125): yii\db\mysql\Schema->findColumns(Object(yii\db\TableSchema))
#7 C:\wamp64\www\iberica\vendor\yiisoft\yii2\db\Schema.php(756): yii\db\mysql\Schema->loadTableSchema('migration')
#8 C:\wamp64\www\iberica\vendor\yiisoft\yii2\db\Schema.php(192): yii\db\Schema->getTableMetadata('{{%migration}}', 'schema', true)
#9 C:\wamp64\www\iberica\vendor\yiisoft\yii2\console\controllers\MigrateController.php(369): yii\db\Schema->getTableSchema('{{%migration}}', true)
#10 C:\wamp64\www\iberica\vendor\yiisoft\yii2\console\controllers\BaseMigrateController.php(657): yii\console\controllers\MigrateController->getMigrationNameLimit()
#11 [internal function]: yii\console\controllers\BaseMigrateController->actionCreate('insert_localida...')
#12 C:\wamp64\www\iberica\vendor\yiisoft\yii2\base\InlineAction.php(57): call_user_func_array(Array, Array)
#13 C:\wamp64\www\iberica\vendor\yiisoft\yii2\base\Controller.php(178): yii\base\InlineAction->runWithParams(Array)
#14 C:\wamp64\www\iberica\vendor\yiisoft\yii2\console\Controller.php(180): yii\base\Controller->runAction('create', Array)
#15 C:\wamp64\www\iberica\vendor\yiisoft\yii2\base\Module.php(552): yii\console\Controller->runAction('create', Array)
#16 C:\wamp64\www\iberica\vendor\yiisoft\yii2\console\Application.php(180): yii\base\Module->runAction('migrate/create', Array)
#17 C:\wamp64\www\iberica\vendor\yiisoft\yii2\console\Application.php(147): yii\console\Application->runAction('migrate/create', Array)
#18 C:\wamp64\www\iberica\vendor\yiisoft\yii2\base\Application.php(384): yii\console\Application->handleRequest(Object(yii\console\Request))
#19 C:\wamp64\www\iberica\yii(23): yii\base\Application->run()
#20 {main}
Additional Information:

2023-03-06 20:13:22 [-][-][-][info][application] $_GET = []

$_POST = []

$_FILES = []

$_COOKIE = []

$_SERVER = [
    'ALLUSERSPROFILE' => 'C:\\ProgramData'
    'APPDATA' => 'C:\\Users\\Jiuly\\AppData\\Roaming'
    'CommonProgramFiles' => 'C:\\Program Files\\Common Files'
    'CommonProgramFiles(x86)' => 'C:\\Program Files (x86)\\Common Files'
    'CommonProgramW6432' => 'C:\\Program Files\\Common Files'
    'COMPUTERNAME' => 'PANDORA'
    'ComSpec' => 'C:\\WINDOWS\\system32\\cmd.exe'
    'DriverData' => 'C:\\Windows\\System32\\Drivers\\DriverData'
    'HOMEDRIVE' => 'C:'
    'HOMEPATH' => '\\Users\\Jiuly'
    'LOCALAPPDATA' => 'C:\\Users\\Jiuly\\AppData\\Local'
    'LOGONSERVER' => '\\\\PANDORA'
    'NUMBER_OF_PROCESSORS' => '4'
    'OneDrive' => 'C:\\Users\\Jiuly\\OneDrive'
    'OneDriveConsumer' => 'C:\\Users\\Jiuly\\OneDrive'
    'OPENSSL_CONF' => 'C:\\Program Files (x86)\\PostgreSQL\\psqlODBC\\etc\\openssl.cnf'
    'OS' => 'Windows_NT'
    'Path' => 'C:\\WINDOWS\\system32;C:\\WINDOWS;C:\\WINDOWS\\System32\\Wbem;C:\\WINDOWS\\System32\\WindowsPowerShell\\v1.0\\;C:\\WINDOWS\\System32\\OpenSSH\\;C:\\Program Files\\Azure Data Studio\\bin;C:\\wamp64\\bin\\php\\php7.4.9\\php;C:\\wamp64\\bin\\php\\php7.4.9;C:\\ProgramData\\ComposerSetup\\bin;C:\\Program Files\\Git\\cmd;C:\\Program Files\\PuTTY\\;C:\\Program Files\\Microsoft SQL Server\\Client SDK\\ODBC\\130\\Tools\\Binn\\;C:\\Program Files\\Microsoft SQL Server\\Client SDK\\ODBC\\170\\Tools\\Binn\\;C:\\Program Files (x86)\\Microsoft SQL Server\\150\\Tools\\Binn\\;C:\\Program Files\\Microsoft SQL Server\\150\\Tools\\Binn\\;C:\\Program Files\\Microsoft SQL Server\\150\\DTS\\Binn\\;C:\\Program Files (x86)\\Microsoft SQL Server\\160\\DTS\\Binn\\;C:\\Program Files\\Microsoft SQL Server Migration Assistant for MySQL\\bin\\;C:\\Program Files\\Java\\jdk-11.0.2\\bin;C:\\Users\\Jiuly\\AppData\\Local\\Microsoft\\WindowsApps;C:\\Program Files\\Azure Data Studio\\bin;C:\\Users\\Jiuly\\AppData\\Local\\Programs\\Microsoft VS Code\\bin;C:\\wamp64\\bin\\php\\php7.4.9\\php;C:\\Users\\Jiuly\\AppData\\Roaming\\Composer\\vendor\\bin;C:\\AppServ\\Apache2.2\\bin;C:\\AppServ\\php5;C:\\AppServ\\MySQL\\bin'
    'PATHEXT' => '.COM;.EXE;.BAT;.CMD;.VBS;.VBE;.JS;.JSE;.WSF;.WSH;.MSC'
    'PROCESSOR_ARCHITECTURE' => 'AMD64'
    'PROCESSOR_IDENTIFIER' => 'Intel64 Family 6 Model 142 Stepping 9, GenuineIntel'
    'PROCESSOR_LEVEL' => '6'
    'PROCESSOR_REVISION' => '8e09'
    'ProgramData' => 'C:\\ProgramData'
    'ProgramFiles' => 'C:\\Program Files'
    'ProgramFiles(x86)' => 'C:\\Program Files (x86)'
    'ProgramW6432' => 'C:\\Program Files'
    'PROMPT' => '$P$G'
    'PSModulePath' => 'C:\\Program Files\\WindowsPowerShell\\Modules;C:\\WINDOWS\\system32\\WindowsPowerShell\\v1.0\\Modules;C:\\Program Files (x86)\\Microsoft SQL Server\\150\\Tools\\PowerShell\\Modules\\'
    'PUBLIC' => 'C:\\Users\\Public'
    'SESSIONNAME' => 'Console'
    'SSMA_M2SS_EP_HOME' => 'C:\\Program Files\\Microsoft SQL Server Migration Assistant for MySQL Extension Pack\\'
    'SystemDrive' => 'C:'
    'SystemRoot' => 'C:\\WINDOWS'
    'TEMP' => 'C:\\Users\\Jiuly\\AppData\\Local\\Temp'
    'TMP' => 'C:\\Users\\Jiuly\\AppData\\Local\\Temp'
    'USERDOMAIN' => 'PANDORA'
    'USERDOMAIN_ROAMINGPROFILE' => 'PANDORA'
    'USERNAME' => 'Jiuly'
    'USERPROFILE' => 'C:\\Users\\Jiuly'
    'windir' => 'C:\\WINDOWS'
    'ZES_ENABLE_SYSMAN' => '1'
    'PHP_SELF' => 'yii'
    'SCRIPT_NAME' => 'yii'
    'SCRIPT_FILENAME' => 'yii'
    'PATH_TRANSLATED' => 'yii'
    'DOCUMENT_ROOT' => ''
    'REQUEST_TIME_FLOAT' => 1678133602.5812
    'REQUEST_TIME' => 1678133602
    'argv' => [
        0 => 'yii'
        1 => 'migrate/create'
        2 => 'insert_localidad'
    ]
    'argc' => 3
]
2023-03-08 16:16:29 [-][-][-][error][yii\di\NotInstantiableException] ReflectionException: Class m230308_124233_alter_table_add_column_id_user does not exist in C:\wamp64\www\iberica\vendor\yiisoft\yii2\di\Container.php:507
Stack trace:
#0 C:\wamp64\www\iberica\vendor\yiisoft\yii2\di\Container.php(507): ReflectionClass->__construct('m230308_124233_...')
#1 C:\wamp64\www\iberica\vendor\yiisoft\yii2\di\Container.php(385): yii\di\Container->getDependencies('m230308_124233_...')
#2 C:\wamp64\www\iberica\vendor\yiisoft\yii2\di\Container.php(170): yii\di\Container->build('m230308_124233_...', Array, Array)
#3 C:\wamp64\www\iberica\vendor\yiisoft\yii2\BaseYii.php(365): yii\di\Container->get('m230308_124233_...', Array, Array)
#4 C:\wamp64\www\iberica\vendor\yiisoft\yii2\console\controllers\MigrateController.php(202): yii\BaseYii::createObject(Array)
#5 C:\wamp64\www\iberica\vendor\yiisoft\yii2\console\controllers\BaseMigrateController.php(757): yii\console\controllers\MigrateController->createMigration('m230308_124233_...')
#6 C:\wamp64\www\iberica\vendor\yiisoft\yii2\console\controllers\BaseMigrateController.php(216): yii\console\controllers\BaseMigrateController->migrateUp('m230308_124233_...')
#7 [internal function]: yii\console\controllers\BaseMigrateController->actionUp(0)
#8 C:\wamp64\www\iberica\vendor\yiisoft\yii2\base\InlineAction.php(57): call_user_func_array(Array, Array)
#9 C:\wamp64\www\iberica\vendor\yiisoft\yii2\base\Controller.php(178): yii\base\InlineAction->runWithParams(Array)
#10 C:\wamp64\www\iberica\vendor\yiisoft\yii2\console\Controller.php(180): yii\base\Controller->runAction('', Array)
#11 C:\wamp64\www\iberica\vendor\yiisoft\yii2\base\Module.php(552): yii\console\Controller->runAction('', Array)
#12 C:\wamp64\www\iberica\vendor\yiisoft\yii2\console\Application.php(180): yii\base\Module->runAction('migrate', Array)
#13 C:\wamp64\www\iberica\vendor\yiisoft\yii2\console\Application.php(147): yii\console\Application->runAction('migrate', Array)
#14 C:\wamp64\www\iberica\vendor\yiisoft\yii2\base\Application.php(384): yii\console\Application->handleRequest(Object(yii\console\Request))
#15 C:\wamp64\www\iberica\yii(23): yii\base\Application->run()
#16 {main}

Next yii\di\NotInstantiableException: Failed to instantiate component or class "m230308_124233_alter_table_add_column_id_user". in C:\wamp64\www\iberica\vendor\yiisoft\yii2\di\Container.php:509
Stack trace:
#0 C:\wamp64\www\iberica\vendor\yiisoft\yii2\di\Container.php(385): yii\di\Container->getDependencies('m230308_124233_...')
#1 C:\wamp64\www\iberica\vendor\yiisoft\yii2\di\Container.php(170): yii\di\Container->build('m230308_124233_...', Array, Array)
#2 C:\wamp64\www\iberica\vendor\yiisoft\yii2\BaseYii.php(365): yii\di\Container->get('m230308_124233_...', Array, Array)
#3 C:\wamp64\www\iberica\vendor\yiisoft\yii2\console\controllers\MigrateController.php(202): yii\BaseYii::createObject(Array)
#4 C:\wamp64\www\iberica\vendor\yiisoft\yii2\console\controllers\BaseMigrateController.php(757): yii\console\controllers\MigrateController->createMigration('m230308_124233_...')
#5 C:\wamp64\www\iberica\vendor\yiisoft\yii2\console\controllers\BaseMigrateController.php(216): yii\console\controllers\BaseMigrateController->migrateUp('m230308_124233_...')
#6 [internal function]: yii\console\controllers\BaseMigrateController->actionUp(0)
#7 C:\wamp64\www\iberica\vendor\yiisoft\yii2\base\InlineAction.php(57): call_user_func_array(Array, Array)
#8 C:\wamp64\www\iberica\vendor\yiisoft\yii2\base\Controller.php(178): yii\base\InlineAction->runWithParams(Array)
#9 C:\wamp64\www\iberica\vendor\yiisoft\yii2\console\Controller.php(180): yii\base\Controller->runAction('', Array)
#10 C:\wamp64\www\iberica\vendor\yiisoft\yii2\base\Module.php(552): yii\console\Controller->runAction('', Array)
#11 C:\wamp64\www\iberica\vendor\yiisoft\yii2\console\Application.php(180): yii\base\Module->runAction('migrate', Array)
#12 C:\wamp64\www\iberica\vendor\yiisoft\yii2\console\Application.php(147): yii\console\Application->runAction('migrate', Array)
#13 C:\wamp64\www\iberica\vendor\yiisoft\yii2\base\Application.php(384): yii\console\Application->handleRequest(Object(yii\console\Request))
#14 C:\wamp64\www\iberica\yii(23): yii\base\Application->run()
#15 {main}
2023-03-08 16:15:36 [-][-][-][info][application] $_GET = []

$_POST = []

$_FILES = []

$_COOKIE = []

$_SERVER = [
    'ALLUSERSPROFILE' => 'C:\\ProgramData'
    'APPDATA' => 'C:\\Users\\Jiuly\\AppData\\Roaming'
    'CommonProgramFiles' => 'C:\\Program Files\\Common Files'
    'CommonProgramFiles(x86)' => 'C:\\Program Files (x86)\\Common Files'
    'CommonProgramW6432' => 'C:\\Program Files\\Common Files'
    'COMPUTERNAME' => 'PANDORA'
    'ComSpec' => 'C:\\WINDOWS\\system32\\cmd.exe'
    'DriverData' => 'C:\\Windows\\System32\\Drivers\\DriverData'
    'HOMEDRIVE' => 'C:'
    'HOMEPATH' => '\\Users\\Jiuly'
    'LOCALAPPDATA' => 'C:\\Users\\Jiuly\\AppData\\Local'
    'LOGONSERVER' => '\\\\PANDORA'
    'NUMBER_OF_PROCESSORS' => '4'
    'OneDrive' => 'C:\\Users\\Jiuly\\OneDrive'
    'OneDriveConsumer' => 'C:\\Users\\Jiuly\\OneDrive'
    'OPENSSL_CONF' => 'C:\\Program Files (x86)\\PostgreSQL\\psqlODBC\\etc\\openssl.cnf'
    'OS' => 'Windows_NT'
    'Path' => 'C:\\WINDOWS\\system32;C:\\WINDOWS;C:\\WINDOWS\\System32\\Wbem;C:\\WINDOWS\\System32\\WindowsPowerShell\\v1.0\\;C:\\WINDOWS\\System32\\OpenSSH\\;C:\\Program Files\\Azure Data Studio\\bin;C:\\wamp64\\bin\\php\\php7.4.9\\php;C:\\wamp64\\bin\\php\\php7.4.9;C:\\ProgramData\\ComposerSetup\\bin;C:\\Program Files\\Git\\cmd;C:\\Program Files\\PuTTY\\;C:\\Program Files\\Microsoft SQL Server\\Client SDK\\ODBC\\130\\Tools\\Binn\\;C:\\Program Files\\Microsoft SQL Server\\Client SDK\\ODBC\\170\\Tools\\Binn\\;C:\\Program Files (x86)\\Microsoft SQL Server\\150\\Tools\\Binn\\;C:\\Program Files\\Microsoft SQL Server\\150\\Tools\\Binn\\;C:\\Program Files\\Microsoft SQL Server\\150\\DTS\\Binn\\;C:\\Program Files (x86)\\Microsoft SQL Server\\160\\DTS\\Binn\\;C:\\Program Files\\Microsoft SQL Server Migration Assistant for MySQL\\bin\\;C:\\Program Files\\Java\\jdk-11.0.2\\bin;C:\\Users\\Jiuly\\AppData\\Local\\Microsoft\\WindowsApps;C:\\Program Files\\Azure Data Studio\\bin;C:\\Users\\Jiuly\\AppData\\Local\\Programs\\Microsoft VS Code\\bin;C:\\wamp64\\bin\\php\\php7.4.9\\php;C:\\Users\\Jiuly\\AppData\\Roaming\\Composer\\vendor\\bin;C:\\AppServ\\Apache2.2\\bin;C:\\AppServ\\php5;C:\\AppServ\\MySQL\\bin'
    'PATHEXT' => '.COM;.EXE;.BAT;.CMD;.VBS;.VBE;.JS;.JSE;.WSF;.WSH;.MSC'
    'PROCESSOR_ARCHITECTURE' => 'AMD64'
    'PROCESSOR_IDENTIFIER' => 'Intel64 Family 6 Model 142 Stepping 9, GenuineIntel'
    'PROCESSOR_LEVEL' => '6'
    'PROCESSOR_REVISION' => '8e09'
    'ProgramData' => 'C:\\ProgramData'
    'ProgramFiles' => 'C:\\Program Files'
    'ProgramFiles(x86)' => 'C:\\Program Files (x86)'
    'ProgramW6432' => 'C:\\Program Files'
    'PROMPT' => '$P$G'
    'PSModulePath' => 'C:\\Program Files\\WindowsPowerShell\\Modules;C:\\WINDOWS\\system32\\WindowsPowerShell\\v1.0\\Modules;C:\\Program Files (x86)\\Microsoft SQL Server\\150\\Tools\\PowerShell\\Modules\\'
    'PUBLIC' => 'C:\\Users\\Public'
    'SESSIONNAME' => 'Console'
    'SSMA_M2SS_EP_HOME' => 'C:\\Program Files\\Microsoft SQL Server Migration Assistant for MySQL Extension Pack\\'
    'SystemDrive' => 'C:'
    'SystemRoot' => 'C:\\WINDOWS'
    'TEMP' => 'C:\\Users\\Jiuly\\AppData\\Local\\Temp'
    'TMP' => 'C:\\Users\\Jiuly\\AppData\\Local\\Temp'
    'USERDOMAIN' => 'PANDORA'
    'USERDOMAIN_ROAMINGPROFILE' => 'PANDORA'
    'USERNAME' => 'Jiuly'
    'USERPROFILE' => 'C:\\Users\\Jiuly'
    'windir' => 'C:\\WINDOWS'
    'ZES_ENABLE_SYSMAN' => '1'
    'PHP_SELF' => 'yii'
    'SCRIPT_NAME' => 'yii'
    'SCRIPT_FILENAME' => 'yii'
    'PATH_TRANSLATED' => 'yii'
    'DOCUMENT_ROOT' => ''
    'REQUEST_TIME_FLOAT' => 1678292133.6054
    'REQUEST_TIME' => 1678292133
    'argv' => [
        0 => 'yii'
        1 => 'migrate'
    ]
    'argc' => 2
]
2023-03-17 00:17:49 [-][-][-][error][yii\db\Exception] PDOException: SQLSTATE[HY000] [2002] No se puede establecer una conexión ya que el equipo de destino denegó expresamente dicha conexión.
 in C:\wamp\www\iberica\vendor\yiisoft\yii2\db\Connection.php:722
Stack trace:
#0 C:\wamp\www\iberica\vendor\yiisoft\yii2\db\Connection.php(722): PDO->__construct('mysql:host=loca...', 'root', '', NULL)
#1 C:\wamp\www\iberica\vendor\yiisoft\yii2\db\Connection.php(637): yii\db\Connection->createPdoInstance()
#2 C:\wamp\www\iberica\vendor\yiisoft\yii2\db\Connection.php(1067): yii\db\Connection->open()
#3 C:\wamp\www\iberica\vendor\yiisoft\yii2\db\Connection.php(1054): yii\db\Connection->getMasterPdo()
#4 C:\wamp\www\iberica\vendor\yiisoft\yii2\db\Command.php(261): yii\db\Connection->getSlavePdo()
#5 C:\wamp\www\iberica\vendor\yiisoft\yii2\db\Command.php(1163): yii\db\Command->prepare(true)
#6 C:\wamp\www\iberica\vendor\yiisoft\yii2\db\Command.php(410): yii\db\Command->queryInternal('fetchAll', NULL)
#7 C:\wamp\www\iberica\vendor\yiisoft\yii2\db\mysql\Schema.php(320): yii\db\Command->queryAll()
#8 C:\wamp\www\iberica\vendor\yiisoft\yii2\db\mysql\Schema.php(125): yii\db\mysql\Schema->findColumns(Object(yii\db\TableSchema))
#9 C:\wamp\www\iberica\vendor\yiisoft\yii2\db\Schema.php(756): yii\db\mysql\Schema->loadTableSchema('migration')
#10 C:\wamp\www\iberica\vendor\yiisoft\yii2\db\Schema.php(192): yii\db\Schema->getTableMetadata('{{%migration}}', 'schema', true)
#11 C:\wamp\www\iberica\vendor\yiisoft\yii2\console\controllers\MigrateController.php(211): yii\db\Schema->getTableSchema('{{%migration}}', true)
#12 C:\wamp\www\iberica\vendor\yiisoft\yii2\console\controllers\BaseMigrateController.php(908): yii\console\controllers\MigrateController->getMigrationHistory(NULL)
#13 C:\wamp\www\iberica\vendor\yiisoft\yii2\console\controllers\BaseMigrateController.php(183): yii\console\controllers\BaseMigrateController->getNewMigrations()
#14 [internal function]: yii\console\controllers\BaseMigrateController->actionUp(0)
#15 C:\wamp\www\iberica\vendor\yiisoft\yii2\base\InlineAction.php(57): call_user_func_array(Array, Array)
#16 C:\wamp\www\iberica\vendor\yiisoft\yii2\base\Controller.php(178): yii\base\InlineAction->runWithParams(Array)
#17 C:\wamp\www\iberica\vendor\yiisoft\yii2\console\Controller.php(180): yii\base\Controller->runAction('', Array)
#18 C:\wamp\www\iberica\vendor\yiisoft\yii2\base\Module.php(552): yii\console\Controller->runAction('', Array)
#19 C:\wamp\www\iberica\vendor\yiisoft\yii2\console\Application.php(180): yii\base\Module->runAction('migrate', Array)
#20 C:\wamp\www\iberica\vendor\yiisoft\yii2\console\Application.php(147): yii\console\Application->runAction('migrate', Array)
#21 C:\wamp\www\iberica\vendor\yiisoft\yii2\base\Application.php(384): yii\console\Application->handleRequest(Object(yii\console\Request))
#22 C:\wamp\www\iberica\yii(23): yii\base\Application->run()
#23 {main}

Next yii\db\Exception: SQLSTATE[HY000] [2002] No se puede establecer una conexión ya que el equipo de destino denegó expresamente dicha conexión.
 in C:\wamp\www\iberica\vendor\yiisoft\yii2\db\Connection.php:648
Stack trace:
#0 C:\wamp\www\iberica\vendor\yiisoft\yii2\db\Connection.php(1067): yii\db\Connection->open()
#1 C:\wamp\www\iberica\vendor\yiisoft\yii2\db\Connection.php(1054): yii\db\Connection->getMasterPdo()
#2 C:\wamp\www\iberica\vendor\yiisoft\yii2\db\Command.php(261): yii\db\Connection->getSlavePdo()
#3 C:\wamp\www\iberica\vendor\yiisoft\yii2\db\Command.php(1163): yii\db\Command->prepare(true)
#4 C:\wamp\www\iberica\vendor\yiisoft\yii2\db\Command.php(410): yii\db\Command->queryInternal('fetchAll', NULL)
#5 C:\wamp\www\iberica\vendor\yiisoft\yii2\db\mysql\Schema.php(320): yii\db\Command->queryAll()
#6 C:\wamp\www\iberica\vendor\yiisoft\yii2\db\mysql\Schema.php(125): yii\db\mysql\Schema->findColumns(Object(yii\db\TableSchema))
#7 C:\wamp\www\iberica\vendor\yiisoft\yii2\db\Schema.php(756): yii\db\mysql\Schema->loadTableSchema('migration')
#8 C:\wamp\www\iberica\vendor\yiisoft\yii2\db\Schema.php(192): yii\db\Schema->getTableMetadata('{{%migration}}', 'schema', true)
#9 C:\wamp\www\iberica\vendor\yiisoft\yii2\console\controllers\MigrateController.php(211): yii\db\Schema->getTableSchema('{{%migration}}', true)
#10 C:\wamp\www\iberica\vendor\yiisoft\yii2\console\controllers\BaseMigrateController.php(908): yii\console\controllers\MigrateController->getMigrationHistory(NULL)
#11 C:\wamp\www\iberica\vendor\yiisoft\yii2\console\controllers\BaseMigrateController.php(183): yii\console\controllers\BaseMigrateController->getNewMigrations()
#12 [internal function]: yii\console\controllers\BaseMigrateController->actionUp(0)
#13 C:\wamp\www\iberica\vendor\yiisoft\yii2\base\InlineAction.php(57): call_user_func_array(Array, Array)
#14 C:\wamp\www\iberica\vendor\yiisoft\yii2\base\Controller.php(178): yii\base\InlineAction->runWithParams(Array)
#15 C:\wamp\www\iberica\vendor\yiisoft\yii2\console\Controller.php(180): yii\base\Controller->runAction('', Array)
#16 C:\wamp\www\iberica\vendor\yiisoft\yii2\base\Module.php(552): yii\console\Controller->runAction('', Array)
#17 C:\wamp\www\iberica\vendor\yiisoft\yii2\console\Application.php(180): yii\base\Module->runAction('migrate', Array)
#18 C:\wamp\www\iberica\vendor\yiisoft\yii2\console\Application.php(147): yii\console\Application->runAction('migrate', Array)
#19 C:\wamp\www\iberica\vendor\yiisoft\yii2\base\Application.php(384): yii\console\Application->handleRequest(Object(yii\console\Request))
#20 C:\wamp\www\iberica\yii(23): yii\base\Application->run()
#21 {main}
Additional Information:

2023-03-17 00:17:45 [-][-][-][info][application] $_GET = []

$_POST = []

$_FILES = []

$_COOKIE = []

$_SERVER = [
    'ALLUSERSPROFILE' => 'C:\\ProgramData'
    'APPDATA' => 'C:\\Users\\Jiuly\\AppData\\Roaming'
    'CommonProgramFiles' => 'C:\\Program Files\\Common Files'
    'CommonProgramFiles(x86)' => 'C:\\Program Files (x86)\\Common Files'
    'CommonProgramW6432' => 'C:\\Program Files\\Common Files'
    'COMPUTERNAME' => 'PANDORA'
    'ComSpec' => 'C:\\WINDOWS\\system32\\cmd.exe'
    'DriverData' => 'C:\\Windows\\System32\\Drivers\\DriverData'
    'HOMEDRIVE' => 'C:'
    'HOMEPATH' => '\\Users\\Jiuly'
    'LOCALAPPDATA' => 'C:\\Users\\Jiuly\\AppData\\Local'
    'LOGONSERVER' => '\\\\PANDORA'
    'NUMBER_OF_PROCESSORS' => '4'
    'OneDrive' => 'C:\\Users\\Jiuly\\OneDrive'
    'OneDriveConsumer' => 'C:\\Users\\Jiuly\\OneDrive'
    'OPENSSL_CONF' => 'C:\\Program Files (x86)\\PostgreSQL\\psqlODBC\\etc\\openssl.cnf'
    'OS' => 'Windows_NT'
    'Path' => 'C:\\WINDOWS\\system32;C:\\WINDOWS;C:\\WINDOWS\\System32\\Wbem;C:\\WINDOWS\\System32\\WindowsPowerShell\\v1.0\\;C:\\WINDOWS\\System32\\OpenSSH\\;C:\\Program Files\\Azure Data Studio\\bin;C:\\wamp64\\bin\\php\\php7.4.9\\php;C:\\wamp64\\bin\\php\\php7.4.9;C:\\Program Files\\Git\\cmd;C:\\Program Files\\PuTTY\\;C:\\Program Files\\Microsoft SQL Server\\Client SDK\\ODBC\\130\\Tools\\Binn\\;C:\\Program Files\\Microsoft SQL Server\\Client SDK\\ODBC\\170\\Tools\\Binn\\;C:\\Program Files (x86)\\Microsoft SQL Server\\150\\Tools\\Binn\\;C:\\Program Files\\Microsoft SQL Server\\150\\Tools\\Binn\\;C:\\Program Files\\Microsoft SQL Server\\150\\DTS\\Binn\\;C:\\Program Files (x86)\\Microsoft SQL Server\\160\\DTS\\Binn\\;C:\\Program Files\\Microsoft SQL Server Migration Assistant for MySQL\\bin\\;C:\\Program Files\\Java\\jdk-11.0.2\\bin;C:\\composer;C:\\Users\\Jiuly\\AppData\\Local\\Microsoft\\WindowsApps;C:\\Program Files\\Azure Data Studio\\bin;C:\\Users\\Jiuly\\AppData\\Local\\Programs\\Microsoft VS Code\\bin;C:\\wamp64\\bin\\php\\php7.4.9\\php;C:\\Users\\Jiuly\\AppData\\Roaming\\Composer\\vendor\\bin;C:\\AppServ\\Apache2.2\\bin;C:\\AppServ\\php5;C:\\AppServ\\MySQL\\bin'
    'PATHEXT' => '.COM;.EXE;.BAT;.CMD;.VBS;.VBE;.JS;.JSE;.WSF;.WSH;.MSC'
    'PROCESSOR_ARCHITECTURE' => 'AMD64'
    'PROCESSOR_IDENTIFIER' => 'Intel64 Family 6 Model 142 Stepping 9, GenuineIntel'
    'PROCESSOR_LEVEL' => '6'
    'PROCESSOR_REVISION' => '8e09'
    'ProgramData' => 'C:\\ProgramData'
    'ProgramFiles' => 'C:\\Program Files'
    'ProgramFiles(x86)' => 'C:\\Program Files (x86)'
    'ProgramW6432' => 'C:\\Program Files'
    'PROMPT' => '$P$G'
    'PSModulePath' => 'C:\\Program Files\\WindowsPowerShell\\Modules;C:\\WINDOWS\\system32\\WindowsPowerShell\\v1.0\\Modules;C:\\Program Files (x86)\\Microsoft SQL Server\\150\\Tools\\PowerShell\\Modules\\'
    'PUBLIC' => 'C:\\Users\\Public'
    'SESSIONNAME' => 'Console'
    'SSMA_M2SS_EP_HOME' => 'C:\\Program Files\\Microsoft SQL Server Migration Assistant for MySQL Extension Pack\\'
    'SystemDrive' => 'C:'
    'SystemRoot' => 'C:\\WINDOWS'
    'TEMP' => 'C:\\Users\\Jiuly\\AppData\\Local\\Temp'
    'TMP' => 'C:\\Users\\Jiuly\\AppData\\Local\\Temp'
    'USERDOMAIN' => 'PANDORA'
    'USERDOMAIN_ROAMINGPROFILE' => 'PANDORA'
    'USERNAME' => 'Jiuly'
    'USERPROFILE' => 'C:\\Users\\Jiuly'
    'windir' => 'C:\\WINDOWS'
    'ZES_ENABLE_SYSMAN' => '1'
    'PHP_SELF' => 'yii'
    'SCRIPT_NAME' => 'yii'
    'SCRIPT_FILENAME' => 'yii'
    'PATH_TRANSLATED' => 'yii'
    'DOCUMENT_ROOT' => ''
    'REQUEST_TIME_FLOAT' => 1679012265.3178
    'REQUEST_TIME' => 1679012265
    'argv' => [
        0 => 'yii'
        1 => 'migrate'
    ]
    'argc' => 2
]
2023-03-17 00:18:34 [-][-][-][error][yii\db\Exception] PDOException: SQLSTATE[HY000] [2002] No se puede establecer una conexión ya que el equipo de destino denegó expresamente dicha conexión.
 in C:\wamp\www\iberica\vendor\yiisoft\yii2\db\Connection.php:722
Stack trace:
#0 C:\wamp\www\iberica\vendor\yiisoft\yii2\db\Connection.php(722): PDO->__construct('mysql:host=loca...', 'root', '', NULL)
#1 C:\wamp\www\iberica\vendor\yiisoft\yii2\db\Connection.php(637): yii\db\Connection->createPdoInstance()
#2 C:\wamp\www\iberica\vendor\yiisoft\yii2\db\Connection.php(1067): yii\db\Connection->open()
#3 C:\wamp\www\iberica\vendor\yiisoft\yii2\db\Connection.php(1054): yii\db\Connection->getMasterPdo()
#4 C:\wamp\www\iberica\vendor\yiisoft\yii2\db\Command.php(261): yii\db\Connection->getSlavePdo()
#5 C:\wamp\www\iberica\vendor\yiisoft\yii2\db\Command.php(1163): yii\db\Command->prepare(true)
#6 C:\wamp\www\iberica\vendor\yiisoft\yii2\db\Command.php(410): yii\db\Command->queryInternal('fetchAll', NULL)
#7 C:\wamp\www\iberica\vendor\yiisoft\yii2\db\mysql\Schema.php(320): yii\db\Command->queryAll()
#8 C:\wamp\www\iberica\vendor\yiisoft\yii2\db\mysql\Schema.php(125): yii\db\mysql\Schema->findColumns(Object(yii\db\TableSchema))
#9 C:\wamp\www\iberica\vendor\yiisoft\yii2\db\Schema.php(756): yii\db\mysql\Schema->loadTableSchema('migration')
#10 C:\wamp\www\iberica\vendor\yiisoft\yii2\db\Schema.php(192): yii\db\Schema->getTableMetadata('{{%migration}}', 'schema', true)
#11 C:\wamp\www\iberica\vendor\yiisoft\yii2\console\controllers\MigrateController.php(211): yii\db\Schema->getTableSchema('{{%migration}}', true)
#12 C:\wamp\www\iberica\vendor\yiisoft\yii2\console\controllers\BaseMigrateController.php(908): yii\console\controllers\MigrateController->getMigrationHistory(NULL)
#13 C:\wamp\www\iberica\vendor\yiisoft\yii2\console\controllers\BaseMigrateController.php(183): yii\console\controllers\BaseMigrateController->getNewMigrations()
#14 [internal function]: yii\console\controllers\BaseMigrateController->actionUp(0)
#15 C:\wamp\www\iberica\vendor\yiisoft\yii2\base\InlineAction.php(57): call_user_func_array(Array, Array)
#16 C:\wamp\www\iberica\vendor\yiisoft\yii2\base\Controller.php(178): yii\base\InlineAction->runWithParams(Array)
#17 C:\wamp\www\iberica\vendor\yiisoft\yii2\console\Controller.php(180): yii\base\Controller->runAction('', Array)
#18 C:\wamp\www\iberica\vendor\yiisoft\yii2\base\Module.php(552): yii\console\Controller->runAction('', Array)
#19 C:\wamp\www\iberica\vendor\yiisoft\yii2\console\Application.php(180): yii\base\Module->runAction('migrate', Array)
#20 C:\wamp\www\iberica\vendor\yiisoft\yii2\console\Application.php(147): yii\console\Application->runAction('migrate', Array)
#21 C:\wamp\www\iberica\vendor\yiisoft\yii2\base\Application.php(384): yii\console\Application->handleRequest(Object(yii\console\Request))
#22 C:\wamp\www\iberica\yii(23): yii\base\Application->run()
#23 {main}

Next yii\db\Exception: SQLSTATE[HY000] [2002] No se puede establecer una conexión ya que el equipo de destino denegó expresamente dicha conexión.
 in C:\wamp\www\iberica\vendor\yiisoft\yii2\db\Connection.php:648
Stack trace:
#0 C:\wamp\www\iberica\vendor\yiisoft\yii2\db\Connection.php(1067): yii\db\Connection->open()
#1 C:\wamp\www\iberica\vendor\yiisoft\yii2\db\Connection.php(1054): yii\db\Connection->getMasterPdo()
#2 C:\wamp\www\iberica\vendor\yiisoft\yii2\db\Command.php(261): yii\db\Connection->getSlavePdo()
#3 C:\wamp\www\iberica\vendor\yiisoft\yii2\db\Command.php(1163): yii\db\Command->prepare(true)
#4 C:\wamp\www\iberica\vendor\yiisoft\yii2\db\Command.php(410): yii\db\Command->queryInternal('fetchAll', NULL)
#5 C:\wamp\www\iberica\vendor\yiisoft\yii2\db\mysql\Schema.php(320): yii\db\Command->queryAll()
#6 C:\wamp\www\iberica\vendor\yiisoft\yii2\db\mysql\Schema.php(125): yii\db\mysql\Schema->findColumns(Object(yii\db\TableSchema))
#7 C:\wamp\www\iberica\vendor\yiisoft\yii2\db\Schema.php(756): yii\db\mysql\Schema->loadTableSchema('migration')
#8 C:\wamp\www\iberica\vendor\yiisoft\yii2\db\Schema.php(192): yii\db\Schema->getTableMetadata('{{%migration}}', 'schema', true)
#9 C:\wamp\www\iberica\vendor\yiisoft\yii2\console\controllers\MigrateController.php(211): yii\db\Schema->getTableSchema('{{%migration}}', true)
#10 C:\wamp\www\iberica\vendor\yiisoft\yii2\console\controllers\BaseMigrateController.php(908): yii\console\controllers\MigrateController->getMigrationHistory(NULL)
#11 C:\wamp\www\iberica\vendor\yiisoft\yii2\console\controllers\BaseMigrateController.php(183): yii\console\controllers\BaseMigrateController->getNewMigrations()
#12 [internal function]: yii\console\controllers\BaseMigrateController->actionUp(0)
#13 C:\wamp\www\iberica\vendor\yiisoft\yii2\base\InlineAction.php(57): call_user_func_array(Array, Array)
#14 C:\wamp\www\iberica\vendor\yiisoft\yii2\base\Controller.php(178): yii\base\InlineAction->runWithParams(Array)
#15 C:\wamp\www\iberica\vendor\yiisoft\yii2\console\Controller.php(180): yii\base\Controller->runAction('', Array)
#16 C:\wamp\www\iberica\vendor\yiisoft\yii2\base\Module.php(552): yii\console\Controller->runAction('', Array)
#17 C:\wamp\www\iberica\vendor\yiisoft\yii2\console\Application.php(180): yii\base\Module->runAction('migrate', Array)
#18 C:\wamp\www\iberica\vendor\yiisoft\yii2\console\Application.php(147): yii\console\Application->runAction('migrate', Array)
#19 C:\wamp\www\iberica\vendor\yiisoft\yii2\base\Application.php(384): yii\console\Application->handleRequest(Object(yii\console\Request))
#20 C:\wamp\www\iberica\yii(23): yii\base\Application->run()
#21 {main}
Additional Information:

2023-03-17 00:18:30 [-][-][-][info][application] $_GET = []

$_POST = []

$_FILES = []

$_COOKIE = []

$_SERVER = [
    'ALLUSERSPROFILE' => 'C:\\ProgramData'
    'APPDATA' => 'C:\\Users\\Jiuly\\AppData\\Roaming'
    'CommonProgramFiles' => 'C:\\Program Files\\Common Files'
    'CommonProgramFiles(x86)' => 'C:\\Program Files (x86)\\Common Files'
    'CommonProgramW6432' => 'C:\\Program Files\\Common Files'
    'COMPUTERNAME' => 'PANDORA'
    'ComSpec' => 'C:\\WINDOWS\\system32\\cmd.exe'
    'DriverData' => 'C:\\Windows\\System32\\Drivers\\DriverData'
    'HOMEDRIVE' => 'C:'
    'HOMEPATH' => '\\Users\\Jiuly'
    'LOCALAPPDATA' => 'C:\\Users\\Jiuly\\AppData\\Local'
    'LOGONSERVER' => '\\\\PANDORA'
    'NUMBER_OF_PROCESSORS' => '4'
    'OneDrive' => 'C:\\Users\\Jiuly\\OneDrive'
    'OneDriveConsumer' => 'C:\\Users\\Jiuly\\OneDrive'
    'OPENSSL_CONF' => 'C:\\Program Files (x86)\\PostgreSQL\\psqlODBC\\etc\\openssl.cnf'
    'OS' => 'Windows_NT'
    'Path' => 'C:\\WINDOWS\\system32;C:\\WINDOWS;C:\\WINDOWS\\System32\\Wbem;C:\\WINDOWS\\System32\\WindowsPowerShell\\v1.0\\;C:\\WINDOWS\\System32\\OpenSSH\\;C:\\Program Files\\Azure Data Studio\\bin;C:\\wamp64\\bin\\php\\php7.4.9\\php;C:\\wamp64\\bin\\php\\php7.4.9;C:\\Program Files\\Git\\cmd;C:\\Program Files\\PuTTY\\;C:\\Program Files\\Microsoft SQL Server\\Client SDK\\ODBC\\130\\Tools\\Binn\\;C:\\Program Files\\Microsoft SQL Server\\Client SDK\\ODBC\\170\\Tools\\Binn\\;C:\\Program Files (x86)\\Microsoft SQL Server\\150\\Tools\\Binn\\;C:\\Program Files\\Microsoft SQL Server\\150\\Tools\\Binn\\;C:\\Program Files\\Microsoft SQL Server\\150\\DTS\\Binn\\;C:\\Program Files (x86)\\Microsoft SQL Server\\160\\DTS\\Binn\\;C:\\Program Files\\Microsoft SQL Server Migration Assistant for MySQL\\bin\\;C:\\Program Files\\Java\\jdk-11.0.2\\bin;C:\\composer;C:\\Users\\Jiuly\\AppData\\Local\\Microsoft\\WindowsApps;C:\\Program Files\\Azure Data Studio\\bin;C:\\Users\\Jiuly\\AppData\\Local\\Programs\\Microsoft VS Code\\bin;C:\\wamp64\\bin\\php\\php7.4.9\\php;C:\\Users\\Jiuly\\AppData\\Roaming\\Composer\\vendor\\bin;C:\\AppServ\\Apache2.2\\bin;C:\\AppServ\\php5;C:\\AppServ\\MySQL\\bin'
    'PATHEXT' => '.COM;.EXE;.BAT;.CMD;.VBS;.VBE;.JS;.JSE;.WSF;.WSH;.MSC'
    'PROCESSOR_ARCHITECTURE' => 'AMD64'
    'PROCESSOR_IDENTIFIER' => 'Intel64 Family 6 Model 142 Stepping 9, GenuineIntel'
    'PROCESSOR_LEVEL' => '6'
    'PROCESSOR_REVISION' => '8e09'
    'ProgramData' => 'C:\\ProgramData'
    'ProgramFiles' => 'C:\\Program Files'
    'ProgramFiles(x86)' => 'C:\\Program Files (x86)'
    'ProgramW6432' => 'C:\\Program Files'
    'PROMPT' => '$P$G'
    'PSModulePath' => 'C:\\Program Files\\WindowsPowerShell\\Modules;C:\\WINDOWS\\system32\\WindowsPowerShell\\v1.0\\Modules;C:\\Program Files (x86)\\Microsoft SQL Server\\150\\Tools\\PowerShell\\Modules\\'
    'PUBLIC' => 'C:\\Users\\Public'
    'SESSIONNAME' => 'Console'
    'SSMA_M2SS_EP_HOME' => 'C:\\Program Files\\Microsoft SQL Server Migration Assistant for MySQL Extension Pack\\'
    'SystemDrive' => 'C:'
    'SystemRoot' => 'C:\\WINDOWS'
    'TEMP' => 'C:\\Users\\Jiuly\\AppData\\Local\\Temp'
    'TMP' => 'C:\\Users\\Jiuly\\AppData\\Local\\Temp'
    'USERDOMAIN' => 'PANDORA'
    'USERDOMAIN_ROAMINGPROFILE' => 'PANDORA'
    'USERNAME' => 'Jiuly'
    'USERPROFILE' => 'C:\\Users\\Jiuly'
    'windir' => 'C:\\WINDOWS'
    'ZES_ENABLE_SYSMAN' => '1'
    'PHP_SELF' => 'yii'
    'SCRIPT_NAME' => 'yii'
    'SCRIPT_FILENAME' => 'yii'
    'PATH_TRANSLATED' => 'yii'
    'DOCUMENT_ROOT' => ''
    'REQUEST_TIME_FLOAT' => 1679012310.3341
    'REQUEST_TIME' => 1679012310
    'argv' => [
        0 => 'yii'
        1 => 'migrate'
    ]
    'argc' => 2
]
2023-04-05 19:14:52 [-][-][-][error][yii\console\UnknownCommandException] yii\base\InvalidRouteException: Unable to resolve the request: migrate/cretate in C:\wamp\www\iberica\vendor\yiisoft\yii2\base\Controller.php:149
Stack trace:
#0 C:\wamp\www\iberica\vendor\yiisoft\yii2\console\Controller.php(180): yii\base\Controller->runAction('cretate', Array)
#1 C:\wamp\www\iberica\vendor\yiisoft\yii2\base\Module.php(552): yii\console\Controller->runAction('cretate', Array)
#2 C:\wamp\www\iberica\vendor\yiisoft\yii2\console\Application.php(180): yii\base\Module->runAction('migrate/cretate', Array)
#3 C:\wamp\www\iberica\vendor\yiisoft\yii2\console\Application.php(147): yii\console\Application->runAction('migrate/cretate', Array)
#4 C:\wamp\www\iberica\vendor\yiisoft\yii2\base\Application.php(384): yii\console\Application->handleRequest(Object(yii\console\Request))
#5 C:\wamp\www\iberica\yii(23): yii\base\Application->run()
#6 {main}

Next yii\console\UnknownCommandException: Unknown command "migrate/cretate". in C:\wamp\www\iberica\vendor\yiisoft\yii2\console\Application.php:183
Stack trace:
#0 C:\wamp\www\iberica\vendor\yiisoft\yii2\console\Application.php(147): yii\console\Application->runAction('migrate/cretate', Array)
#1 C:\wamp\www\iberica\vendor\yiisoft\yii2\base\Application.php(384): yii\console\Application->handleRequest(Object(yii\console\Request))
#2 C:\wamp\www\iberica\yii(23): yii\base\Application->run()
#3 {main}
2023-04-05 19:14:51 [-][-][-][info][application] $_GET = []

$_POST = []

$_FILES = []

$_COOKIE = []

$_SERVER = [
    'ALLUSERSPROFILE' => 'C:\\ProgramData'
    'APPDATA' => 'C:\\Users\\Jiuly\\AppData\\Roaming'
    'CommonProgramFiles' => 'C:\\Program Files\\Common Files'
    'CommonProgramFiles(x86)' => 'C:\\Program Files (x86)\\Common Files'
    'CommonProgramW6432' => 'C:\\Program Files\\Common Files'
    'COMPUTERNAME' => 'PANDORA'
    'ComSpec' => 'C:\\WINDOWS\\system32\\cmd.exe'
    'DriverData' => 'C:\\Windows\\System32\\Drivers\\DriverData'
    'HOMEDRIVE' => 'C:'
    'HOMEPATH' => '\\Users\\Jiuly'
    'LOCALAPPDATA' => 'C:\\Users\\Jiuly\\AppData\\Local'
    'LOGONSERVER' => '\\\\PANDORA'
    'NUMBER_OF_PROCESSORS' => '4'
    'OneDrive' => 'C:\\Users\\Jiuly\\OneDrive'
    'OneDriveConsumer' => 'C:\\Users\\Jiuly\\OneDrive'
    'OPENSSL_CONF' => 'C:\\Program Files (x86)\\PostgreSQL\\psqlODBC\\etc\\openssl.cnf'
    'OS' => 'Windows_NT'
    'Path' => 'C:\\WINDOWS\\system32;C:\\WINDOWS;C:\\WINDOWS\\System32\\Wbem;C:\\WINDOWS\\System32\\WindowsPowerShell\\v1.0\\;C:\\WINDOWS\\System32\\OpenSSH\\;C:\\Program Files\\Azure Data Studio\\bin;C:\\wamp\\bin\\php\\php7.4.33\\php;C:\\wamp\\bin\\php\\php8.1.13\\php;C:\\Program Files\\Git\\cmd;C:\\Program Files\\PuTTY\\;C:\\Program Files\\Microsoft SQL Server\\Client SDK\\ODBC\\130\\Tools\\Binn\\;C:\\Program Files\\Microsoft SQL Server\\Client SDK\\ODBC\\170\\Tools\\Binn\\;C:\\Program Files (x86)\\Microsoft SQL Server\\150\\Tools\\Binn\\;C:\\Program Files\\Microsoft SQL Server\\150\\Tools\\Binn\\;C:\\Program Files\\Microsoft SQL Server\\150\\DTS\\Binn\\;C:\\Program Files (x86)\\Microsoft SQL Server\\160\\DTS\\Binn\\;C:\\Program Files\\Microsoft SQL Server Migration Assistant for MySQL\\bin\\;C:\\Program Files\\Java\\jdk-11.0.2\\bin;C:\\wamp\\bin\\php\\php8.1.13;C:\\ProgramData\\ComposerSetup\\bin;C:\\Users\\Jiuly\\AppData\\Local\\Microsoft\\WindowsApps;C:\\Program Files\\Azure Data Studio\\bin;C:\\Users\\Jiuly\\AppData\\Local\\Programs\\Microsoft VS Code\\bin;C:\\wamp64\\bin\\php\\php7.4.9\\php;C:\\Users\\Jiuly\\AppData\\Roaming\\Composer\\vendor\\bin;C:\\AppServ\\Apache2.2\\bin;C:\\AppServ\\MySQL\\bin'
    'PATHEXT' => '.COM;.EXE;.BAT;.CMD;.VBS;.VBE;.JS;.JSE;.WSF;.WSH;.MSC'
    'PROCESSOR_ARCHITECTURE' => 'AMD64'
    'PROCESSOR_IDENTIFIER' => 'Intel64 Family 6 Model 142 Stepping 9, GenuineIntel'
    'PROCESSOR_LEVEL' => '6'
    'PROCESSOR_REVISION' => '8e09'
    'ProgramData' => 'C:\\ProgramData'
    'ProgramFiles' => 'C:\\Program Files'
    'ProgramFiles(x86)' => 'C:\\Program Files (x86)'
    'ProgramW6432' => 'C:\\Program Files'
    'PROMPT' => '$P$G'
    'PSModulePath' => 'C:\\Program Files\\WindowsPowerShell\\Modules;C:\\WINDOWS\\system32\\WindowsPowerShell\\v1.0\\Modules;C:\\Program Files (x86)\\Microsoft SQL Server\\150\\Tools\\PowerShell\\Modules\\'
    'PUBLIC' => 'C:\\Users\\Public'
    'SESSIONNAME' => 'Console'
    'SSMA_M2SS_EP_HOME' => 'C:\\Program Files\\Microsoft SQL Server Migration Assistant for MySQL Extension Pack\\'
    'SystemDrive' => 'C:'
    'SystemRoot' => 'C:\\WINDOWS'
    'TEMP' => 'C:\\Users\\Jiuly\\AppData\\Local\\Temp'
    'TMP' => 'C:\\Users\\Jiuly\\AppData\\Local\\Temp'
    'USERDOMAIN' => 'PANDORA'
    'USERDOMAIN_ROAMINGPROFILE' => 'PANDORA'
    'USERNAME' => 'Jiuly'
    'USERPROFILE' => 'C:\\Users\\Jiuly'
    'windir' => 'C:\\WINDOWS'
    'ZES_ENABLE_SYSMAN' => '1'
    'PHP_SELF' => 'yii'
    'SCRIPT_NAME' => 'yii'
    'SCRIPT_FILENAME' => 'yii'
    'PATH_TRANSLATED' => 'yii'
    'DOCUMENT_ROOT' => ''
    'REQUEST_TIME_FLOAT' => 1680722091.9255
    'REQUEST_TIME' => 1680722091
    'argv' => [
        0 => 'yii'
        1 => 'migrate/cretate'
        2 => 'rbac'
    ]
    'argc' => 3
]
2023-04-18 01:52:32 [-][-][-][error][yii\db\Exception] PDOException: SQLSTATE[42S21]: Column already exists: 1060 Duplicate column name 'verification_token' in C:\wamp\www\casasolar\vendor\yiisoft\yii2\db\Command.php:1302
Stack trace:
#0 C:\wamp\www\casasolar\vendor\yiisoft\yii2\db\Command.php(1302): PDOStatement->execute()
#1 C:\wamp\www\casasolar\vendor\yiisoft\yii2\db\Command.php(1102): yii\db\Command->internalExecute('ALTER TABLE `us...')
#2 C:\wamp\www\casasolar\vendor\yiisoft\yii2\db\Migration.php(376): yii\db\Command->execute()
#3 C:\wamp\www\casasolar\console\migrations\m190124_110200_add_verification_token_column_to_user_table.php(9): yii\db\Migration->addColumn('{{%user}}', 'verification_to...', Object(yii\db\mysql\ColumnSchemaBuilder))
#4 C:\wamp\www\casasolar\vendor\yiisoft\yii2\console\controllers\BaseMigrateController.php(758): m190124_110200_add_verification_token_column_to_user_table->up()
#5 C:\wamp\www\casasolar\vendor\yiisoft\yii2\console\controllers\BaseMigrateController.php(216): yii\console\controllers\BaseMigrateController->migrateUp('m190124_110200_...')
#6 [internal function]: yii\console\controllers\BaseMigrateController->actionUp(0)
#7 C:\wamp\www\casasolar\vendor\yiisoft\yii2\base\InlineAction.php(57): call_user_func_array(Array, Array)
#8 C:\wamp\www\casasolar\vendor\yiisoft\yii2\base\Controller.php(178): yii\base\InlineAction->runWithParams(Array)
#9 C:\wamp\www\casasolar\vendor\yiisoft\yii2\console\Controller.php(180): yii\base\Controller->runAction('', Array)
#10 C:\wamp\www\casasolar\vendor\yiisoft\yii2\base\Module.php(552): yii\console\Controller->runAction('', Array)
#11 C:\wamp\www\casasolar\vendor\yiisoft\yii2\console\Application.php(180): yii\base\Module->runAction('migrate', Array)
#12 C:\wamp\www\casasolar\vendor\yiisoft\yii2\console\Application.php(147): yii\console\Application->runAction('migrate', Array)
#13 C:\wamp\www\casasolar\vendor\yiisoft\yii2\base\Application.php(384): yii\console\Application->handleRequest(Object(yii\console\Request))
#14 C:\wamp\www\casasolar\yii(23): yii\base\Application->run()
#15 {main}

Next yii\db\Exception: SQLSTATE[42S21]: Column already exists: 1060 Duplicate column name 'verification_token'
The SQL being executed was: ALTER TABLE `user` ADD `verification_token` varchar(255) NULL DEFAULT NULL in C:\wamp\www\casasolar\vendor\yiisoft\yii2\db\Schema.php:676
Stack trace:
#0 C:\wamp\www\casasolar\vendor\yiisoft\yii2\db\Command.php(1307): yii\db\Schema->convertException(Object(PDOException), 'ALTER TABLE `us...')
#1 C:\wamp\www\casasolar\vendor\yiisoft\yii2\db\Command.php(1102): yii\db\Command->internalExecute('ALTER TABLE `us...')
#2 C:\wamp\www\casasolar\vendor\yiisoft\yii2\db\Migration.php(376): yii\db\Command->execute()
#3 C:\wamp\www\casasolar\console\migrations\m190124_110200_add_verification_token_column_to_user_table.php(9): yii\db\Migration->addColumn('{{%user}}', 'verification_to...', Object(yii\db\mysql\ColumnSchemaBuilder))
#4 C:\wamp\www\casasolar\vendor\yiisoft\yii2\console\controllers\BaseMigrateController.php(758): m190124_110200_add_verification_token_column_to_user_table->up()
#5 C:\wamp\www\casasolar\vendor\yiisoft\yii2\console\controllers\BaseMigrateController.php(216): yii\console\controllers\BaseMigrateController->migrateUp('m190124_110200_...')
#6 [internal function]: yii\console\controllers\BaseMigrateController->actionUp(0)
#7 C:\wamp\www\casasolar\vendor\yiisoft\yii2\base\InlineAction.php(57): call_user_func_array(Array, Array)
#8 C:\wamp\www\casasolar\vendor\yiisoft\yii2\base\Controller.php(178): yii\base\InlineAction->runWithParams(Array)
#9 C:\wamp\www\casasolar\vendor\yiisoft\yii2\console\Controller.php(180): yii\base\Controller->runAction('', Array)
#10 C:\wamp\www\casasolar\vendor\yiisoft\yii2\base\Module.php(552): yii\console\Controller->runAction('', Array)
#11 C:\wamp\www\casasolar\vendor\yiisoft\yii2\console\Application.php(180): yii\base\Module->runAction('migrate', Array)
#12 C:\wamp\www\casasolar\vendor\yiisoft\yii2\console\Application.php(147): yii\console\Application->runAction('migrate', Array)
#13 C:\wamp\www\casasolar\vendor\yiisoft\yii2\base\Application.php(384): yii\console\Application->handleRequest(Object(yii\console\Request))
#14 C:\wamp\www\casasolar\yii(23): yii\base\Application->run()
#15 {main}
Additional Information:
Array
(
    [0] => 42S21
    [1] => 1060
    [2] => Duplicate column name 'verification_token'
)

2023-04-18 01:52:30 [-][-][-][info][application] $_GET = []

$_POST = []

$_FILES = []

$_COOKIE = []

$_SERVER = [
    'ALLUSERSPROFILE' => 'C:\\ProgramData'
    'APPDATA' => 'C:\\Users\\Jiuly\\AppData\\Roaming'
    'CommonProgramFiles' => 'C:\\Program Files\\Common Files'
    'CommonProgramFiles(x86)' => 'C:\\Program Files (x86)\\Common Files'
    'CommonProgramW6432' => 'C:\\Program Files\\Common Files'
    'COMPUTERNAME' => 'PANDORA'
    'ComSpec' => 'C:\\WINDOWS\\system32\\cmd.exe'
    'DriverData' => 'C:\\Windows\\System32\\Drivers\\DriverData'
    'HOMEDRIVE' => 'C:'
    'HOMEPATH' => '\\Users\\Jiuly'
    'LOCALAPPDATA' => 'C:\\Users\\Jiuly\\AppData\\Local'
    'LOGONSERVER' => '\\\\PANDORA'
    'NUMBER_OF_PROCESSORS' => '4'
    'OneDrive' => 'C:\\Users\\Jiuly\\OneDrive'
    'OneDriveConsumer' => 'C:\\Users\\Jiuly\\OneDrive'
    'OPENSSL_CONF' => 'C:\\Program Files (x86)\\PostgreSQL\\psqlODBC\\etc\\openssl.cnf'
    'OS' => 'Windows_NT'
    'Path' => 'C:\\WINDOWS\\system32;C:\\WINDOWS;C:\\WINDOWS\\System32\\Wbem;C:\\WINDOWS\\System32\\WindowsPowerShell\\v1.0\\;C:\\WINDOWS\\System32\\OpenSSH\\;C:\\Program Files\\Azure Data Studio\\bin;C:\\wamp\\bin\\php\\php7.4.33\\php;C:\\wamp\\bin\\php\\php8.1.13\\php;C:\\Program Files\\Git\\cmd;C:\\Program Files\\PuTTY\\;C:\\Program Files\\Microsoft SQL Server\\Client SDK\\ODBC\\130\\Tools\\Binn\\;C:\\Program Files\\Microsoft SQL Server\\Client SDK\\ODBC\\170\\Tools\\Binn\\;C:\\Program Files (x86)\\Microsoft SQL Server\\150\\Tools\\Binn\\;C:\\Program Files\\Microsoft SQL Server\\150\\Tools\\Binn\\;C:\\Program Files\\Microsoft SQL Server\\150\\DTS\\Binn\\;C:\\Program Files (x86)\\Microsoft SQL Server\\160\\DTS\\Binn\\;C:\\Program Files\\Microsoft SQL Server Migration Assistant for MySQL\\bin\\;C:\\Program Files\\Java\\jdk-11.0.2\\bin;C:\\wamp\\bin\\php\\php8.1.13;C:\\ProgramData\\ComposerSetup\\bin;C:\\Users\\Jiuly\\AppData\\Local\\Microsoft\\WindowsApps;C:\\Program Files\\Azure Data Studio\\bin;C:\\Users\\Jiuly\\AppData\\Local\\Programs\\Microsoft VS Code\\bin;C:\\wamp64\\bin\\php\\php7.4.9\\php;C:\\Users\\Jiuly\\AppData\\Roaming\\Composer\\vendor\\bin;C:\\AppServ\\Apache2.2\\bin;C:\\AppServ\\MySQL\\bin'
    'PATHEXT' => '.COM;.EXE;.BAT;.CMD;.VBS;.VBE;.JS;.JSE;.WSF;.WSH;.MSC'
    'PROCESSOR_ARCHITECTURE' => 'AMD64'
    'PROCESSOR_IDENTIFIER' => 'Intel64 Family 6 Model 142 Stepping 9, GenuineIntel'
    'PROCESSOR_LEVEL' => '6'
    'PROCESSOR_REVISION' => '8e09'
    'ProgramData' => 'C:\\ProgramData'
    'ProgramFiles' => 'C:\\Program Files'
    'ProgramFiles(x86)' => 'C:\\Program Files (x86)'
    'ProgramW6432' => 'C:\\Program Files'
    'PROMPT' => '$P$G'
    'PSModulePath' => 'C:\\Program Files\\WindowsPowerShell\\Modules;C:\\WINDOWS\\system32\\WindowsPowerShell\\v1.0\\Modules;C:\\Program Files (x86)\\Microsoft SQL Server\\150\\Tools\\PowerShell\\Modules\\'
    'PUBLIC' => 'C:\\Users\\Public'
    'SESSIONNAME' => 'Console'
    'SSMA_M2SS_EP_HOME' => 'C:\\Program Files\\Microsoft SQL Server Migration Assistant for MySQL Extension Pack\\'
    'SystemDrive' => 'C:'
    'SystemRoot' => 'C:\\WINDOWS'
    'TEMP' => 'C:\\Users\\Jiuly\\AppData\\Local\\Temp'
    'TMP' => 'C:\\Users\\Jiuly\\AppData\\Local\\Temp'
    'USERDOMAIN' => 'PANDORA'
    'USERDOMAIN_ROAMINGPROFILE' => 'PANDORA'
    'USERNAME' => 'Jiuly'
    'USERPROFILE' => 'C:\\Users\\Jiuly'
    'windir' => 'C:\\WINDOWS'
    'ZES_ENABLE_SYSMAN' => '1'
    'PHP_SELF' => 'yii'
    'SCRIPT_NAME' => 'yii'
    'SCRIPT_FILENAME' => 'yii'
    'PATH_TRANSLATED' => 'yii'
    'DOCUMENT_ROOT' => ''
    'REQUEST_TIME_FLOAT' => 1681782750.8348
    'REQUEST_TIME' => 1681782750
    'argv' => [
        0 => 'yii'
        1 => 'migrate'
    ]
    'argc' => 2
]
2023-04-19 03:25:53 [-][-][-][error][yii\db\Exception] PDOException: SQLSTATE[HY000] [1049] Unknown database 'casasolar4' in C:\wamp\www\casasolar\vendor\yiisoft\yii2\db\Connection.php:722
Stack trace:
#0 C:\wamp\www\casasolar\vendor\yiisoft\yii2\db\Connection.php(722): PDO->__construct('mysql:host=loca...', 'root', '', NULL)
#1 C:\wamp\www\casasolar\vendor\yiisoft\yii2\db\Connection.php(637): yii\db\Connection->createPdoInstance()
#2 C:\wamp\www\casasolar\vendor\yiisoft\yii2\db\Connection.php(1067): yii\db\Connection->open()
#3 C:\wamp\www\casasolar\vendor\yiisoft\yii2\db\Connection.php(1054): yii\db\Connection->getMasterPdo()
#4 C:\wamp\www\casasolar\vendor\yiisoft\yii2\db\Command.php(261): yii\db\Connection->getSlavePdo()
#5 C:\wamp\www\casasolar\vendor\yiisoft\yii2\db\Command.php(1163): yii\db\Command->prepare(true)
#6 C:\wamp\www\casasolar\vendor\yiisoft\yii2\db\Command.php(410): yii\db\Command->queryInternal('fetchAll', NULL)
#7 C:\wamp\www\casasolar\vendor\yiisoft\yii2\db\mysql\Schema.php(320): yii\db\Command->queryAll()
#8 C:\wamp\www\casasolar\vendor\yiisoft\yii2\db\mysql\Schema.php(125): yii\db\mysql\Schema->findColumns(Object(yii\db\TableSchema))
#9 C:\wamp\www\casasolar\vendor\yiisoft\yii2\db\Schema.php(756): yii\db\mysql\Schema->loadTableSchema('migration')
#10 C:\wamp\www\casasolar\vendor\yiisoft\yii2\db\Schema.php(192): yii\db\Schema->getTableMetadata('{{%migration}}', 'schema', true)
#11 C:\wamp\www\casasolar\vendor\yiisoft\yii2\console\controllers\MigrateController.php(211): yii\db\Schema->getTableSchema('{{%migration}}', true)
#12 C:\wamp\www\casasolar\vendor\yiisoft\yii2\console\controllers\BaseMigrateController.php(908): yii\console\controllers\MigrateController->getMigrationHistory(NULL)
#13 C:\wamp\www\casasolar\vendor\yiisoft\yii2\console\controllers\BaseMigrateController.php(183): yii\console\controllers\BaseMigrateController->getNewMigrations()
#14 [internal function]: yii\console\controllers\BaseMigrateController->actionUp(0)
#15 C:\wamp\www\casasolar\vendor\yiisoft\yii2\base\InlineAction.php(57): call_user_func_array(Array, Array)
#16 C:\wamp\www\casasolar\vendor\yiisoft\yii2\base\Controller.php(178): yii\base\InlineAction->runWithParams(Array)
#17 C:\wamp\www\casasolar\vendor\yiisoft\yii2\console\Controller.php(180): yii\base\Controller->runAction('', Array)
#18 C:\wamp\www\casasolar\vendor\yiisoft\yii2\base\Module.php(552): yii\console\Controller->runAction('', Array)
#19 C:\wamp\www\casasolar\vendor\yiisoft\yii2\console\Application.php(180): yii\base\Module->runAction('migrate', Array)
#20 C:\wamp\www\casasolar\vendor\yiisoft\yii2\console\Application.php(147): yii\console\Application->runAction('migrate', Array)
#21 C:\wamp\www\casasolar\vendor\yiisoft\yii2\base\Application.php(384): yii\console\Application->handleRequest(Object(yii\console\Request))
#22 C:\wamp\www\casasolar\yii(23): yii\base\Application->run()
#23 {main}

Next yii\db\Exception: SQLSTATE[HY000] [1049] Unknown database 'casasolar4' in C:\wamp\www\casasolar\vendor\yiisoft\yii2\db\Connection.php:648
Stack trace:
#0 C:\wamp\www\casasolar\vendor\yiisoft\yii2\db\Connection.php(1067): yii\db\Connection->open()
#1 C:\wamp\www\casasolar\vendor\yiisoft\yii2\db\Connection.php(1054): yii\db\Connection->getMasterPdo()
#2 C:\wamp\www\casasolar\vendor\yiisoft\yii2\db\Command.php(261): yii\db\Connection->getSlavePdo()
#3 C:\wamp\www\casasolar\vendor\yiisoft\yii2\db\Command.php(1163): yii\db\Command->prepare(true)
#4 C:\wamp\www\casasolar\vendor\yiisoft\yii2\db\Command.php(410): yii\db\Command->queryInternal('fetchAll', NULL)
#5 C:\wamp\www\casasolar\vendor\yiisoft\yii2\db\mysql\Schema.php(320): yii\db\Command->queryAll()
#6 C:\wamp\www\casasolar\vendor\yiisoft\yii2\db\mysql\Schema.php(125): yii\db\mysql\Schema->findColumns(Object(yii\db\TableSchema))
#7 C:\wamp\www\casasolar\vendor\yiisoft\yii2\db\Schema.php(756): yii\db\mysql\Schema->loadTableSchema('migration')
#8 C:\wamp\www\casasolar\vendor\yiisoft\yii2\db\Schema.php(192): yii\db\Schema->getTableMetadata('{{%migration}}', 'schema', true)
#9 C:\wamp\www\casasolar\vendor\yiisoft\yii2\console\controllers\MigrateController.php(211): yii\db\Schema->getTableSchema('{{%migration}}', true)
#10 C:\wamp\www\casasolar\vendor\yiisoft\yii2\console\controllers\BaseMigrateController.php(908): yii\console\controllers\MigrateController->getMigrationHistory(NULL)
#11 C:\wamp\www\casasolar\vendor\yiisoft\yii2\console\controllers\BaseMigrateController.php(183): yii\console\controllers\BaseMigrateController->getNewMigrations()
#12 [internal function]: yii\console\controllers\BaseMigrateController->actionUp(0)
#13 C:\wamp\www\casasolar\vendor\yiisoft\yii2\base\InlineAction.php(57): call_user_func_array(Array, Array)
#14 C:\wamp\www\casasolar\vendor\yiisoft\yii2\base\Controller.php(178): yii\base\InlineAction->runWithParams(Array)
#15 C:\wamp\www\casasolar\vendor\yiisoft\yii2\console\Controller.php(180): yii\base\Controller->runAction('', Array)
#16 C:\wamp\www\casasolar\vendor\yiisoft\yii2\base\Module.php(552): yii\console\Controller->runAction('', Array)
#17 C:\wamp\www\casasolar\vendor\yiisoft\yii2\console\Application.php(180): yii\base\Module->runAction('migrate', Array)
#18 C:\wamp\www\casasolar\vendor\yiisoft\yii2\console\Application.php(147): yii\console\Application->runAction('migrate', Array)
#19 C:\wamp\www\casasolar\vendor\yiisoft\yii2\base\Application.php(384): yii\console\Application->handleRequest(Object(yii\console\Request))
#20 C:\wamp\www\casasolar\yii(23): yii\base\Application->run()
#21 {main}
Additional Information:
Array
(
    [0] => HY000
    [1] => 1049
    [2] => Unknown database 'casasolar4'
)

2023-04-19 03:25:53 [-][-][-][info][application] $_GET = []

$_POST = []

$_FILES = []

$_COOKIE = []

$_SERVER = [
    'ALLUSERSPROFILE' => 'C:\\ProgramData'
    'APPDATA' => 'C:\\Users\\Jiuly\\AppData\\Roaming'
    'CommonProgramFiles' => 'C:\\Program Files\\Common Files'
    'CommonProgramFiles(x86)' => 'C:\\Program Files (x86)\\Common Files'
    'CommonProgramW6432' => 'C:\\Program Files\\Common Files'
    'COMPUTERNAME' => 'PANDORA'
    'ComSpec' => 'C:\\WINDOWS\\system32\\cmd.exe'
    'DriverData' => 'C:\\Windows\\System32\\Drivers\\DriverData'
    'HOMEDRIVE' => 'C:'
    'HOMEPATH' => '\\Users\\Jiuly'
    'LOCALAPPDATA' => 'C:\\Users\\Jiuly\\AppData\\Local'
    'LOGONSERVER' => '\\\\PANDORA'
    'NUMBER_OF_PROCESSORS' => '4'
    'OneDrive' => 'C:\\Users\\Jiuly\\OneDrive'
    'OneDriveConsumer' => 'C:\\Users\\Jiuly\\OneDrive'
    'OPENSSL_CONF' => 'C:\\Program Files (x86)\\PostgreSQL\\psqlODBC\\etc\\openssl.cnf'
    'OS' => 'Windows_NT'
    'Path' => 'C:\\WINDOWS\\system32;C:\\WINDOWS;C:\\WINDOWS\\System32\\Wbem;C:\\WINDOWS\\System32\\WindowsPowerShell\\v1.0\\;C:\\WINDOWS\\System32\\OpenSSH\\;C:\\Program Files\\Azure Data Studio\\bin;C:\\wamp\\bin\\php\\php7.4.33\\php;C:\\wamp\\bin\\php\\php8.1.13\\php;C:\\Program Files\\Git\\cmd;C:\\Program Files\\PuTTY\\;C:\\Program Files\\Microsoft SQL Server\\Client SDK\\ODBC\\130\\Tools\\Binn\\;C:\\Program Files\\Microsoft SQL Server\\Client SDK\\ODBC\\170\\Tools\\Binn\\;C:\\Program Files (x86)\\Microsoft SQL Server\\150\\Tools\\Binn\\;C:\\Program Files\\Microsoft SQL Server\\150\\Tools\\Binn\\;C:\\Program Files\\Microsoft SQL Server\\150\\DTS\\Binn\\;C:\\Program Files (x86)\\Microsoft SQL Server\\160\\DTS\\Binn\\;C:\\Program Files\\Microsoft SQL Server Migration Assistant for MySQL\\bin\\;C:\\Program Files\\Java\\jdk-11.0.2\\bin;C:\\wamp\\bin\\php\\php8.1.13;C:\\ProgramData\\ComposerSetup\\bin;C:\\Users\\Jiuly\\AppData\\Local\\Microsoft\\WindowsApps;C:\\Program Files\\Azure Data Studio\\bin;C:\\Users\\Jiuly\\AppData\\Local\\Programs\\Microsoft VS Code\\bin;C:\\wamp64\\bin\\php\\php7.4.9\\php;C:\\Users\\Jiuly\\AppData\\Roaming\\Composer\\vendor\\bin;C:\\AppServ\\Apache2.2\\bin;C:\\AppServ\\MySQL\\bin'
    'PATHEXT' => '.COM;.EXE;.BAT;.CMD;.VBS;.VBE;.JS;.JSE;.WSF;.WSH;.MSC'
    'PROCESSOR_ARCHITECTURE' => 'AMD64'
    'PROCESSOR_IDENTIFIER' => 'Intel64 Family 6 Model 142 Stepping 9, GenuineIntel'
    'PROCESSOR_LEVEL' => '6'
    'PROCESSOR_REVISION' => '8e09'
    'ProgramData' => 'C:\\ProgramData'
    'ProgramFiles' => 'C:\\Program Files'
    'ProgramFiles(x86)' => 'C:\\Program Files (x86)'
    'ProgramW6432' => 'C:\\Program Files'
    'PROMPT' => '$P$G'
    'PSModulePath' => 'C:\\Program Files\\WindowsPowerShell\\Modules;C:\\WINDOWS\\system32\\WindowsPowerShell\\v1.0\\Modules;C:\\Program Files (x86)\\Microsoft SQL Server\\150\\Tools\\PowerShell\\Modules\\'
    'PUBLIC' => 'C:\\Users\\Public'
    'SESSIONNAME' => 'Console'
    'SSMA_M2SS_EP_HOME' => 'C:\\Program Files\\Microsoft SQL Server Migration Assistant for MySQL Extension Pack\\'
    'SystemDrive' => 'C:'
    'SystemRoot' => 'C:\\WINDOWS'
    'TEMP' => 'C:\\Users\\Jiuly\\AppData\\Local\\Temp'
    'TMP' => 'C:\\Users\\Jiuly\\AppData\\Local\\Temp'
    'USERDOMAIN' => 'PANDORA'
    'USERDOMAIN_ROAMINGPROFILE' => 'PANDORA'
    'USERNAME' => 'Jiuly'
    'USERPROFILE' => 'C:\\Users\\Jiuly'
    'windir' => 'C:\\WINDOWS'
    'ZES_ENABLE_SYSMAN' => '1'
    'PHP_SELF' => 'yii'
    'SCRIPT_NAME' => 'yii'
    'SCRIPT_FILENAME' => 'yii'
    'PATH_TRANSLATED' => 'yii'
    'DOCUMENT_ROOT' => ''
    'REQUEST_TIME_FLOAT' => 1681874753.4832
    'REQUEST_TIME' => 1681874753
    'argv' => [
        0 => 'yii'
        1 => 'migrate'
    ]
    'argc' => 2
]
2023-04-19 03:25:58 [-][-][-][error][yii\db\Exception] PDOException: SQLSTATE[HY000] [1049] Unknown database 'casasolar4' in C:\wamp\www\casasolar\vendor\yiisoft\yii2\db\Connection.php:722
Stack trace:
#0 C:\wamp\www\casasolar\vendor\yiisoft\yii2\db\Connection.php(722): PDO->__construct('mysql:host=loca...', 'root', '', NULL)
#1 C:\wamp\www\casasolar\vendor\yiisoft\yii2\db\Connection.php(637): yii\db\Connection->createPdoInstance()
#2 C:\wamp\www\casasolar\vendor\yiisoft\yii2\db\Connection.php(1067): yii\db\Connection->open()
#3 C:\wamp\www\casasolar\vendor\yiisoft\yii2\db\Connection.php(1054): yii\db\Connection->getMasterPdo()
#4 C:\wamp\www\casasolar\vendor\yiisoft\yii2\db\Command.php(261): yii\db\Connection->getSlavePdo()
#5 C:\wamp\www\casasolar\vendor\yiisoft\yii2\db\Command.php(1163): yii\db\Command->prepare(true)
#6 C:\wamp\www\casasolar\vendor\yiisoft\yii2\db\Command.php(410): yii\db\Command->queryInternal('fetchAll', NULL)
#7 C:\wamp\www\casasolar\vendor\yiisoft\yii2\db\mysql\Schema.php(320): yii\db\Command->queryAll()
#8 C:\wamp\www\casasolar\vendor\yiisoft\yii2\db\mysql\Schema.php(125): yii\db\mysql\Schema->findColumns(Object(yii\db\TableSchema))
#9 C:\wamp\www\casasolar\vendor\yiisoft\yii2\db\Schema.php(756): yii\db\mysql\Schema->loadTableSchema('migration')
#10 C:\wamp\www\casasolar\vendor\yiisoft\yii2\db\Schema.php(192): yii\db\Schema->getTableMetadata('{{%migration}}', 'schema', true)
#11 C:\wamp\www\casasolar\vendor\yiisoft\yii2\console\controllers\MigrateController.php(211): yii\db\Schema->getTableSchema('{{%migration}}', true)
#12 C:\wamp\www\casasolar\vendor\yiisoft\yii2\console\controllers\BaseMigrateController.php(908): yii\console\controllers\MigrateController->getMigrationHistory(NULL)
#13 C:\wamp\www\casasolar\vendor\yiisoft\yii2\console\controllers\BaseMigrateController.php(183): yii\console\controllers\BaseMigrateController->getNewMigrations()
#14 [internal function]: yii\console\controllers\BaseMigrateController->actionUp(0)
#15 C:\wamp\www\casasolar\vendor\yiisoft\yii2\base\InlineAction.php(57): call_user_func_array(Array, Array)
#16 C:\wamp\www\casasolar\vendor\yiisoft\yii2\base\Controller.php(178): yii\base\InlineAction->runWithParams(Array)
#17 C:\wamp\www\casasolar\vendor\yiisoft\yii2\console\Controller.php(180): yii\base\Controller->runAction('', Array)
#18 C:\wamp\www\casasolar\vendor\yiisoft\yii2\base\Module.php(552): yii\console\Controller->runAction('', Array)
#19 C:\wamp\www\casasolar\vendor\yiisoft\yii2\console\Application.php(180): yii\base\Module->runAction('migrate', Array)
#20 C:\wamp\www\casasolar\vendor\yiisoft\yii2\console\Application.php(147): yii\console\Application->runAction('migrate', Array)
#21 C:\wamp\www\casasolar\vendor\yiisoft\yii2\base\Application.php(384): yii\console\Application->handleRequest(Object(yii\console\Request))
#22 C:\wamp\www\casasolar\yii(23): yii\base\Application->run()
#23 {main}

Next yii\db\Exception: SQLSTATE[HY000] [1049] Unknown database 'casasolar4' in C:\wamp\www\casasolar\vendor\yiisoft\yii2\db\Connection.php:648
Stack trace:
#0 C:\wamp\www\casasolar\vendor\yiisoft\yii2\db\Connection.php(1067): yii\db\Connection->open()
#1 C:\wamp\www\casasolar\vendor\yiisoft\yii2\db\Connection.php(1054): yii\db\Connection->getMasterPdo()
#2 C:\wamp\www\casasolar\vendor\yiisoft\yii2\db\Command.php(261): yii\db\Connection->getSlavePdo()
#3 C:\wamp\www\casasolar\vendor\yiisoft\yii2\db\Command.php(1163): yii\db\Command->prepare(true)
#4 C:\wamp\www\casasolar\vendor\yiisoft\yii2\db\Command.php(410): yii\db\Command->queryInternal('fetchAll', NULL)
#5 C:\wamp\www\casasolar\vendor\yiisoft\yii2\db\mysql\Schema.php(320): yii\db\Command->queryAll()
#6 C:\wamp\www\casasolar\vendor\yiisoft\yii2\db\mysql\Schema.php(125): yii\db\mysql\Schema->findColumns(Object(yii\db\TableSchema))
#7 C:\wamp\www\casasolar\vendor\yiisoft\yii2\db\Schema.php(756): yii\db\mysql\Schema->loadTableSchema('migration')
#8 C:\wamp\www\casasolar\vendor\yiisoft\yii2\db\Schema.php(192): yii\db\Schema->getTableMetadata('{{%migration}}', 'schema', true)
#9 C:\wamp\www\casasolar\vendor\yiisoft\yii2\console\controllers\MigrateController.php(211): yii\db\Schema->getTableSchema('{{%migration}}', true)
#10 C:\wamp\www\casasolar\vendor\yiisoft\yii2\console\controllers\BaseMigrateController.php(908): yii\console\controllers\MigrateController->getMigrationHistory(NULL)
#11 C:\wamp\www\casasolar\vendor\yiisoft\yii2\console\controllers\BaseMigrateController.php(183): yii\console\controllers\BaseMigrateController->getNewMigrations()
#12 [internal function]: yii\console\controllers\BaseMigrateController->actionUp(0)
#13 C:\wamp\www\casasolar\vendor\yiisoft\yii2\base\InlineAction.php(57): call_user_func_array(Array, Array)
#14 C:\wamp\www\casasolar\vendor\yiisoft\yii2\base\Controller.php(178): yii\base\InlineAction->runWithParams(Array)
#15 C:\wamp\www\casasolar\vendor\yiisoft\yii2\console\Controller.php(180): yii\base\Controller->runAction('', Array)
#16 C:\wamp\www\casasolar\vendor\yiisoft\yii2\base\Module.php(552): yii\console\Controller->runAction('', Array)
#17 C:\wamp\www\casasolar\vendor\yiisoft\yii2\console\Application.php(180): yii\base\Module->runAction('migrate', Array)
#18 C:\wamp\www\casasolar\vendor\yiisoft\yii2\console\Application.php(147): yii\console\Application->runAction('migrate', Array)
#19 C:\wamp\www\casasolar\vendor\yiisoft\yii2\base\Application.php(384): yii\console\Application->handleRequest(Object(yii\console\Request))
#20 C:\wamp\www\casasolar\yii(23): yii\base\Application->run()
#21 {main}
Additional Information:
Array
(
    [0] => HY000
    [1] => 1049
    [2] => Unknown database 'casasolar4'
)

2023-04-19 03:25:58 [-][-][-][info][application] $_GET = []

$_POST = []

$_FILES = []

$_COOKIE = []

$_SERVER = [
    'ALLUSERSPROFILE' => 'C:\\ProgramData'
    'APPDATA' => 'C:\\Users\\Jiuly\\AppData\\Roaming'
    'CommonProgramFiles' => 'C:\\Program Files\\Common Files'
    'CommonProgramFiles(x86)' => 'C:\\Program Files (x86)\\Common Files'
    'CommonProgramW6432' => 'C:\\Program Files\\Common Files'
    'COMPUTERNAME' => 'PANDORA'
    'ComSpec' => 'C:\\WINDOWS\\system32\\cmd.exe'
    'DriverData' => 'C:\\Windows\\System32\\Drivers\\DriverData'
    'HOMEDRIVE' => 'C:'
    'HOMEPATH' => '\\Users\\Jiuly'
    'LOCALAPPDATA' => 'C:\\Users\\Jiuly\\AppData\\Local'
    'LOGONSERVER' => '\\\\PANDORA'
    'NUMBER_OF_PROCESSORS' => '4'
    'OneDrive' => 'C:\\Users\\Jiuly\\OneDrive'
    'OneDriveConsumer' => 'C:\\Users\\Jiuly\\OneDrive'
    'OPENSSL_CONF' => 'C:\\Program Files (x86)\\PostgreSQL\\psqlODBC\\etc\\openssl.cnf'
    'OS' => 'Windows_NT'
    'Path' => 'C:\\WINDOWS\\system32;C:\\WINDOWS;C:\\WINDOWS\\System32\\Wbem;C:\\WINDOWS\\System32\\WindowsPowerShell\\v1.0\\;C:\\WINDOWS\\System32\\OpenSSH\\;C:\\Program Files\\Azure Data Studio\\bin;C:\\wamp\\bin\\php\\php7.4.33\\php;C:\\wamp\\bin\\php\\php8.1.13\\php;C:\\Program Files\\Git\\cmd;C:\\Program Files\\PuTTY\\;C:\\Program Files\\Microsoft SQL Server\\Client SDK\\ODBC\\130\\Tools\\Binn\\;C:\\Program Files\\Microsoft SQL Server\\Client SDK\\ODBC\\170\\Tools\\Binn\\;C:\\Program Files (x86)\\Microsoft SQL Server\\150\\Tools\\Binn\\;C:\\Program Files\\Microsoft SQL Server\\150\\Tools\\Binn\\;C:\\Program Files\\Microsoft SQL Server\\150\\DTS\\Binn\\;C:\\Program Files (x86)\\Microsoft SQL Server\\160\\DTS\\Binn\\;C:\\Program Files\\Microsoft SQL Server Migration Assistant for MySQL\\bin\\;C:\\Program Files\\Java\\jdk-11.0.2\\bin;C:\\wamp\\bin\\php\\php8.1.13;C:\\ProgramData\\ComposerSetup\\bin;C:\\Users\\Jiuly\\AppData\\Local\\Microsoft\\WindowsApps;C:\\Program Files\\Azure Data Studio\\bin;C:\\Users\\Jiuly\\AppData\\Local\\Programs\\Microsoft VS Code\\bin;C:\\wamp64\\bin\\php\\php7.4.9\\php;C:\\Users\\Jiuly\\AppData\\Roaming\\Composer\\vendor\\bin;C:\\AppServ\\Apache2.2\\bin;C:\\AppServ\\MySQL\\bin'
    'PATHEXT' => '.COM;.EXE;.BAT;.CMD;.VBS;.VBE;.JS;.JSE;.WSF;.WSH;.MSC'
    'PROCESSOR_ARCHITECTURE' => 'AMD64'
    'PROCESSOR_IDENTIFIER' => 'Intel64 Family 6 Model 142 Stepping 9, GenuineIntel'
    'PROCESSOR_LEVEL' => '6'
    'PROCESSOR_REVISION' => '8e09'
    'ProgramData' => 'C:\\ProgramData'
    'ProgramFiles' => 'C:\\Program Files'
    'ProgramFiles(x86)' => 'C:\\Program Files (x86)'
    'ProgramW6432' => 'C:\\Program Files'
    'PROMPT' => '$P$G'
    'PSModulePath' => 'C:\\Program Files\\WindowsPowerShell\\Modules;C:\\WINDOWS\\system32\\WindowsPowerShell\\v1.0\\Modules;C:\\Program Files (x86)\\Microsoft SQL Server\\150\\Tools\\PowerShell\\Modules\\'
    'PUBLIC' => 'C:\\Users\\Public'
    'SESSIONNAME' => 'Console'
    'SSMA_M2SS_EP_HOME' => 'C:\\Program Files\\Microsoft SQL Server Migration Assistant for MySQL Extension Pack\\'
    'SystemDrive' => 'C:'
    'SystemRoot' => 'C:\\WINDOWS'
    'TEMP' => 'C:\\Users\\Jiuly\\AppData\\Local\\Temp'
    'TMP' => 'C:\\Users\\Jiuly\\AppData\\Local\\Temp'
    'USERDOMAIN' => 'PANDORA'
    'USERDOMAIN_ROAMINGPROFILE' => 'PANDORA'
    'USERNAME' => 'Jiuly'
    'USERPROFILE' => 'C:\\Users\\Jiuly'
    'windir' => 'C:\\WINDOWS'
    'ZES_ENABLE_SYSMAN' => '1'
    'PHP_SELF' => 'yii'
    'SCRIPT_NAME' => 'yii'
    'SCRIPT_FILENAME' => 'yii'
    'PATH_TRANSLATED' => 'yii'
    'DOCUMENT_ROOT' => ''
    'REQUEST_TIME_FLOAT' => 1681874758.0681
    'REQUEST_TIME' => 1681874758
    'argv' => [
        0 => 'yii'
        1 => 'migrate'
    ]
    'argc' => 2
]
